2026-02-02 21:57:54 [INFO]: Server listening on port 3000...
2026-02-02 21:57:54 [INFO]: DB connection successfully!...
2026-02-02 22:01:17 [INFO]: Server listening on port 3000...
2026-02-02 22:01:17 [INFO]: DB connection successfully!...
2026-02-02 22:01:24 [INFO]: ::1 - - [02/Feb/2026:20:01:24 +0000] "GET /posts?limit=10&page=1 HTTP/1.1" 200 3110 "-" "PostmanRuntime/7.51.1"
2026-02-02 22:29:32 [INFO]: ::1 - - [02/Feb/2026:20:29:32 +0000] "GET /posts?limit=10&page=1 HTTP/1.1" 200 3110 "-" "PostmanRuntime/7.51.1"
2026-02-02 22:31:50 [INFO]: ::1 - - [02/Feb/2026:20:31:50 +0000] "GET /comments HTTP/1.1" 401 63 "-" "PostmanRuntime/7.51.1"
2026-02-02 22:32:04 [INFO]: ::1 - - [02/Feb/2026:20:32:04 +0000] "POST /users/login HTTP/1.1" 200 300 "-" "PostmanRuntime/7.51.1"
2026-02-02 22:32:27 [INFO]: ::1 - - [02/Feb/2026:20:32:27 +0000] "GET /comments HTTP/1.1" 401 63 "-" "PostmanRuntime/7.51.1"
2026-02-02 22:33:27 [INFO]: ::1 - - [02/Feb/2026:20:33:27 +0000] "POST /users/login HTTP/1.1" 200 300 "-" "PostmanRuntime/7.51.1"
2026-02-02 22:34:51 [INFO]: ::1 - - [02/Feb/2026:20:34:51 +0000] "GET /comments HTTP/1.1" 200 90 "-" "PostmanRuntime/7.51.1"
2026-02-02 22:35:09 [INFO]: ::1 - - [02/Feb/2026:20:35:09 +0000] "GET /users HTTP/1.1" 403 111 "-" "PostmanRuntime/7.51.1"
2026-02-02 22:35:22 [INFO]: ::1 - - [02/Feb/2026:20:35:22 +0000] "GET /users/69708d592ccf090785e47091 HTTP/1.1" 403 111 "-" "PostmanRuntime/7.51.1"
2026-02-02 22:35:27 [INFO]: ::1 - - [02/Feb/2026:20:35:27 +0000] "GET /users HTTP/1.1" 403 111 "-" "PostmanRuntime/7.51.1"
2026-02-02 22:35:43 [INFO]: ::1 - - [02/Feb/2026:20:35:43 +0000] "GET /users HTTP/1.1" 403 111 "-" "PostmanRuntime/7.51.1"
2026-02-02 22:40:34 [INFO]: ::1 - - [02/Feb/2026:20:40:34 +0000] "POST /users/login HTTP/1.1" 200 300 "-" "PostmanRuntime/7.51.1"
2026-02-02 22:40:52 [INFO]: ::1 - - [02/Feb/2026:20:40:52 +0000] "GET /users HTTP/1.1" 403 111 "-" "PostmanRuntime/7.51.1"
2026-02-02 22:41:16 [INFO]: ::1 - - [02/Feb/2026:20:41:16 +0000] "POST /users/login HTTP/1.1" 401 76 "-" "PostmanRuntime/7.51.1"
2026-02-02 22:41:39 [INFO]: ::1 - - [02/Feb/2026:20:41:39 +0000] "POST /users/login HTTP/1.1" 200 302 "-" "PostmanRuntime/7.51.1"
2026-02-02 22:41:43 [INFO]: ::1 - - [02/Feb/2026:20:41:43 +0000] "GET /users HTTP/1.1" 200 726 "-" "PostmanRuntime/7.51.1"
2026-02-02 22:41:57 [INFO]: ::1 - - [02/Feb/2026:20:41:57 +0000] "GET /comments HTTP/1.1" 200 90 "-" "PostmanRuntime/7.51.1"
2026-02-02 22:42:17 [INFO]: ::1 - - [02/Feb/2026:20:42:17 +0000] "GET /comments HTTP/1.1" 200 90 "-" "PostmanRuntime/7.51.1"
2026-02-02 22:42:48 [INFO]: ::1 - - [02/Feb/2026:20:42:48 +0000] "GET /likes HTTP/1.1" 404 144 "-" "PostmanRuntime/7.51.1"
2026-02-02 22:43:25 [INFO]: ::1 - - [02/Feb/2026:20:43:25 +0000] "GET /likes HTTP/1.1" 404 144 "-" "PostmanRuntime/7.51.1"
2026-02-02 22:44:37 [INFO]: ::1 - - [02/Feb/2026:20:44:37 +0000] "GET /likes/ HTTP/1.1" 404 145 "-" "PostmanRuntime/7.51.1"
2026-02-02 22:44:42 [INFO]: ::1 - - [02/Feb/2026:20:44:42 +0000] "GET /likes/count HTTP/1.1" 401 63 "-" "PostmanRuntime/7.51.1"
2026-02-02 22:44:53 [INFO]: ::1 - - [02/Feb/2026:20:44:53 +0000] "GET /likes/count HTTP/1.1" 400 77 "-" "PostmanRuntime/7.51.1"
2026-02-02 22:45:09 [INFO]: ::1 - - [02/Feb/2026:20:45:09 +0000] "GET /likes HTTP/1.1" 404 144 "-" "PostmanRuntime/7.51.1"
2026-02-02 22:45:30 [INFO]: ::1 - - [02/Feb/2026:20:45:30 +0000] "GET /likes/check HTTP/1.1" 400 77 "-" "PostmanRuntime/7.51.1"
2026-02-02 22:45:58 [INFO]: ::1 - - [02/Feb/2026:20:45:58 +0000] "GET /bookmarks HTTP/1.1" 401 63 "-" "PostmanRuntime/7.51.1"
2026-02-02 22:46:06 [INFO]: ::1 - - [02/Feb/2026:20:46:06 +0000] "GET /bookmarks HTTP/1.1" 200 90 "-" "PostmanRuntime/7.51.1"
2026-02-02 22:48:49 [INFO]: ::1 - - [02/Feb/2026:20:48:49 +0000] "GET /notifications HTTP/1.1" 200 106 "-" "PostmanRuntime/7.51.1"
2026-02-02 22:53:11 [INFO]: ::1 - - [02/Feb/2026:20:53:11 +0000] "GET /comments HTTP/1.1" 200 90 "-" "PostmanRuntime/7.51.1"
2026-02-03 15:43:23 [INFO]: Server listening on port 3000...
2026-02-03 15:43:23 [INFO]: DB connection successfully!...
2026-02-03 15:47:40 [INFO]: Server listening on port 3000...
2026-02-03 15:47:40 [INFO]: DB connection successfully!...
2026-02-03 15:47:49 [INFO]: Server listening on port 3000...
2026-02-03 15:47:49 [INFO]: DB connection successfully!...
2026-02-03 15:47:53 [INFO]: Server listening on port 3000...
2026-02-03 15:47:53 [INFO]: DB connection successfully!...
2026-02-03 15:47:55 [INFO]: Server listening on port 3000...
2026-02-03 15:47:55 [INFO]: DB connection successfully!...
2026-02-03 15:48:26 [INFO]: Server listening on port 3000...
2026-02-03 15:48:26 [INFO]: DB connection successfully!...
2026-02-03 15:48:37 [INFO]: Server listening on port 3000...
2026-02-03 15:48:37 [INFO]: DB connection successfully!...
2026-02-03 15:48:43 [INFO]: Server listening on port 3000...
2026-02-03 15:48:43 [INFO]: DB connection successfully!...
2026-02-03 15:48:51 [INFO]: Server listening on port 3000...
2026-02-03 15:48:51 [INFO]: DB connection successfully!...
2026-02-03 15:48:57 [INFO]: Server listening on port 3000...
2026-02-03 15:48:57 [INFO]: DB connection successfully!...
2026-02-03 15:49:10 [INFO]: Server listening on port 3000...
2026-02-03 15:49:10 [INFO]: DB connection successfully!...
2026-02-03 15:49:17 [INFO]: Server listening on port 3000...
2026-02-03 15:49:17 [INFO]: DB connection successfully!...
2026-02-03 15:49:24 [INFO]: Server listening on port 3000...
2026-02-03 15:49:24 [INFO]: DB connection successfully!...
2026-02-03 15:49:25 [INFO]: Server listening on port 3000...
2026-02-03 15:49:25 [INFO]: DB connection successfully!...
2026-02-03 15:49:27 [INFO]: Server listening on port 3000...
2026-02-03 15:49:27 [INFO]: DB connection successfully!...
2026-02-03 15:49:30 [INFO]: Server listening on port 3000...
2026-02-03 15:49:30 [INFO]: DB connection successfully!...
2026-02-03 15:49:31 [INFO]: Server listening on port 3000...
2026-02-03 15:49:31 [INFO]: DB connection successfully!...
2026-02-03 15:49:57 [INFO]: Server listening on port 3000...
2026-02-03 15:49:57 [INFO]: DB connection successfully!...
2026-02-03 15:50:02 [INFO]: Server listening on port 3000...
2026-02-03 15:50:02 [INFO]: DB connection successfully!...
2026-02-03 15:52:45 [INFO]: Server listening on port 3000...
2026-02-03 15:52:45 [INFO]: DB connection successfully!...
2026-02-03 15:52:47 [INFO]: Server listening on port 3000...
2026-02-03 15:52:47 [INFO]: DB connection successfully!...
2026-02-03 15:53:07 [INFO]: Server listening on port 3000...
2026-02-03 15:53:07 [INFO]: DB connection successfully!...
2026-02-03 15:53:37 [INFO]: ::1 - - [03/Feb/2026:13:53:37 +0000] "GET /comments HTTP/1.1" 200 90 "-" "PostmanRuntime/7.51.1"
2026-02-03 15:55:38 [INFO]: ::1 - - [03/Feb/2026:13:55:38 +0000] "GET /posts?limit=10&page=1 HTTP/1.1" 200 3110 "-" "PostmanRuntime/7.51.1"
2026-02-03 15:55:51 [INFO]: ::1 - - [03/Feb/2026:13:55:51 +0000] "POST /comments HTTP/1.1" 201 421 "-" "PostmanRuntime/7.51.1"
2026-02-03 15:56:45 [INFO]: ::1 - - [03/Feb/2026:13:56:45 +0000] "GET /comments/6981fe67c3d03b3eb2ab2925 HTTP/1.1" 200 434 "-" "PostmanRuntime/7.51.1"
2026-02-03 15:57:41 [INFO]: ::1 - - [03/Feb/2026:13:57:41 +0000] "POST /comments HTTP/1.1" 201 522 "-" "PostmanRuntime/7.51.1"
2026-02-03 15:57:46 [INFO]: ::1 - - [03/Feb/2026:13:57:46 +0000] "GET /comments/6981fe67c3d03b3eb2ab2925 HTTP/1.1" 200 434 "-" "PostmanRuntime/7.51.1"
2026-02-03 15:58:06 [INFO]: ::1 - - [03/Feb/2026:13:58:06 +0000] "GET /comments/6981fe67c3d03b3eb2ab2925 HTTP/1.1" 200 434 "-" "PostmanRuntime/7.51.1"
2026-02-03 15:58:09 [INFO]: ::1 - - [03/Feb/2026:13:58:09 +0000] "GET /comments HTTP/1.1" 200 922 "-" "PostmanRuntime/7.51.1"
2026-02-03 15:58:24 [INFO]: ::1 - - [03/Feb/2026:13:58:24 +0000] "GET /comments/6981fe67c3d03b3eb2ab2925 HTTP/1.1" 200 434 "-" "PostmanRuntime/7.51.1"
2026-02-03 15:58:27 [INFO]: ::1 - - [03/Feb/2026:13:58:27 +0000] "GET /comments/6981fe67c3d03b3eb2ab2925 HTTP/1.1" 200 434 "-" "PostmanRuntime/7.51.1"
2026-02-03 15:58:47 [INFO]: ::1 - - [03/Feb/2026:13:58:47 +0000] "GET /comments/6981fed5c3d03b3eb2ab292c HTTP/1.1" 200 535 "-" "PostmanRuntime/7.51.1"
2026-02-03 15:59:23 [INFO]: ::1 - - [03/Feb/2026:13:59:23 +0000] "POST /comments HTTP/1.1" 201 416 "-" "PostmanRuntime/7.51.1"
2026-02-03 15:59:26 [INFO]: ::1 - - [03/Feb/2026:13:59:26 +0000] "GET /comments HTTP/1.1" 200 1283 "-" "PostmanRuntime/7.51.1"
2026-02-03 16:00:29 [INFO]: ::1 - - [03/Feb/2026:14:00:29 +0000] "PATCH /comments/6981ff3bc3d03b3eb2ab2940 HTTP/1.1" 200 437 "-" "PostmanRuntime/7.51.1"
2026-02-03 16:00:47 [INFO]: ::1 - - [03/Feb/2026:14:00:47 +0000] "PATCH /comments/6981ff3bc3d03b3eb2ab2940 HTTP/1.1" 200 429 "-" "PostmanRuntime/7.51.1"
2026-02-03 16:01:33 [INFO]: ::1 - - [03/Feb/2026:14:01:33 +0000] "DELETE /comments/6981ff3bc3d03b3eb2ab2940 HTTP/1.1" 500 73 "-" "PostmanRuntime/7.51.1"
2026-02-03 16:01:52 [INFO]: ::1 - - [03/Feb/2026:14:01:52 +0000] "DELETE /comments/6981ff3bc3d03b3eb2ab2940 HTTP/1.1" 500 73 "-" "PostmanRuntime/7.51.1"
2026-02-03 16:02:21 [INFO]: ::1 - - [03/Feb/2026:14:02:21 +0000] "DELETE /comments/6981ff3bc3d03b3eb2ab29 HTTP/1.1" 400 69 "-" "PostmanRuntime/7.51.1"
2026-02-03 16:03:16 [INFO]: ::1 - - [03/Feb/2026:14:03:16 +0000] "DELETE /comments/6981ff3bc3d03b3eb2ab2940 HTTP/1.1" 500 73 "-" "PostmanRuntime/7.51.1"
2026-02-03 16:03:38 [INFO]: ::1 - - [03/Feb/2026:14:03:38 +0000] "GET /comments HTTP/1.1" 200 1296 "-" "PostmanRuntime/7.51.1"
2026-02-03 16:04:03 [INFO]: ::1 - - [03/Feb/2026:14:04:03 +0000] "DELETE /comments/6981ff3bc3d03b3eb2ab2940 HTTP/1.1" 500 73 "-" "PostmanRuntime/7.51.1"
2026-02-03 16:04:54 [INFO]: ::1 - - [03/Feb/2026:14:04:54 +0000] "POST /posts/696e04e031b1ed024f3cd392/comments HTTP/1.1" 404 179 "-" "PostmanRuntime/7.51.1"
2026-02-03 16:05:01 [INFO]: ::1 - - [03/Feb/2026:14:05:01 +0000] "GET /posts/696e04e031b1ed024f3cd392/comments HTTP/1.1" 200 1242 "-" "PostmanRuntime/7.51.1"
2026-02-03 16:07:26 [INFO]: Server listening on port 3000...
2026-02-03 16:07:26 [INFO]: Server listening on port 3000...
2026-02-03 16:07:26 [INFO]: DB connection successfully!...
2026-02-03 16:07:26 [INFO]: DB connection successfully!...
2026-02-03 16:08:34 [INFO]: ::1 - - [03/Feb/2026:14:08:34 +0000] "DELETE /comments/6981ff3bc3d03b3eb2ab2940 HTTP/1.1" 204 - "-" "PostmanRuntime/7.51.1"
2026-02-03 16:09:29 [INFO]: Server listening on port 3000...
2026-02-03 16:09:29 [INFO]: Server listening on port 3000...
2026-02-03 16:09:29 [INFO]: DB connection successfully!...
2026-02-03 16:09:29 [INFO]: DB connection successfully!...
2026-02-03 16:09:32 [INFO]: Server listening on port 3000...
2026-02-03 16:09:32 [INFO]: Server listening on port 3000...
2026-02-03 16:09:32 [INFO]: DB connection successfully!...
2026-02-03 16:09:32 [INFO]: DB connection successfully!...
2026-02-03 16:09:37 [INFO]: Server listening on port 3000...
2026-02-03 16:09:37 [INFO]: DB connection successfully!...
2026-02-03 16:09:37 [INFO]: Server listening on port 3000...
2026-02-03 16:09:37 [INFO]: DB connection successfully!...
2026-02-03 16:09:48 [INFO]: Server listening on port 3000...
2026-02-03 16:09:48 [INFO]: Server listening on port 3000...
2026-02-03 16:09:48 [INFO]: DB connection successfully!...
2026-02-03 16:09:48 [INFO]: DB connection successfully!...
2026-02-03 16:09:57 [INFO]: ::1 - - [03/Feb/2026:14:09:57 +0000] "DELETE /comments/6981ff3bc3d03b3eb2ab2940 HTTP/1.1" 404 68 "-" "PostmanRuntime/7.51.1"
2026-02-03 16:13:59 [INFO]: Server listening on port 3000...
2026-02-03 16:13:59 [INFO]: Server listening on port 3000...
2026-02-03 16:13:59 [INFO]: DB connection successfully!...
2026-02-03 16:13:59 [INFO]: DB connection successfully!...
2026-02-03 16:14:02 [INFO]: Server listening on port 3000...
2026-02-03 16:14:02 [INFO]: Server listening on port 3000...
2026-02-03 16:14:02 [INFO]: DB connection successfully!...
2026-02-03 16:14:02 [INFO]: DB connection successfully!...
2026-02-03 16:14:04 [INFO]: Server listening on port 3000...
2026-02-03 16:14:04 [INFO]: Server listening on port 3000...
2026-02-03 16:14:04 [INFO]: DB connection successfully!...
2026-02-03 16:14:04 [INFO]: DB connection successfully!...
2026-02-03 16:14:30 [INFO]: Server listening on port 3000...
2026-02-03 16:14:30 [INFO]: Server listening on port 3000...
2026-02-03 16:14:30 [INFO]: DB connection successfully!...
2026-02-03 16:14:30 [INFO]: DB connection successfully!...
2026-02-03 16:14:42 [INFO]: Server listening on port 3000...
2026-02-03 16:14:42 [INFO]: Server listening on port 3000...
2026-02-03 16:14:42 [INFO]: DB connection successfully!...
2026-02-03 16:14:42 [INFO]: DB connection successfully!...
2026-02-03 16:14:48 [INFO]: Server listening on port 3000...
2026-02-03 16:14:48 [INFO]: Server listening on port 3000...
2026-02-03 16:14:48 [INFO]: DB connection successfully!...
2026-02-03 16:14:48 [INFO]: DB connection successfully!...
2026-02-03 16:15:22 [INFO]: Server listening on port 3000...
2026-02-03 16:15:22 [INFO]: Server listening on port 3000...
2026-02-03 16:15:22 [INFO]: DB connection successfully!...
2026-02-03 16:15:22 [INFO]: DB connection successfully!...
2026-02-03 16:15:31 [INFO]: Server listening on port 3000...
2026-02-03 16:15:31 [INFO]: Server listening on port 3000...
2026-02-03 16:15:31 [INFO]: DB connection successfully!...
2026-02-03 16:15:31 [INFO]: DB connection successfully!...
2026-02-03 16:15:34 [INFO]: Server listening on port 3000...
2026-02-03 16:15:34 [INFO]: Server listening on port 3000...
2026-02-03 16:15:34 [INFO]: DB connection successfully!...
2026-02-03 16:15:34 [INFO]: DB connection successfully!...
2026-02-03 16:15:42 [INFO]: Server listening on port 3000...
2026-02-03 16:15:42 [INFO]: Server listening on port 3000...
2026-02-03 16:15:42 [INFO]: DB connection successfully!...
2026-02-03 16:15:42 [INFO]: DB connection successfully!...
2026-02-03 16:15:50 [INFO]: Server listening on port 3000...
2026-02-03 16:15:50 [INFO]: Server listening on port 3000...
2026-02-03 16:15:50 [INFO]: DB connection successfully!...
2026-02-03 16:15:50 [INFO]: DB connection successfully!...
2026-02-03 16:16:13 [INFO]: Server listening on port 3000...
2026-02-03 16:16:13 [INFO]: Server listening on port 3000...
2026-02-03 16:16:13 [INFO]: DB connection successfully!...
2026-02-03 16:16:13 [INFO]: DB connection successfully!...
2026-02-03 16:16:24 [INFO]: Server listening on port 3000...
2026-02-03 16:16:24 [INFO]: Server listening on port 3000...
2026-02-03 16:16:24 [INFO]: DB connection successfully!...
2026-02-03 16:16:24 [INFO]: DB connection successfully!...
2026-02-03 16:22:01 [INFO]: Server listening on port 3000...
2026-02-03 16:22:01 [INFO]: Server listening on port 3000...
2026-02-03 16:22:01 [INFO]: DB connection successfully!...
2026-02-03 16:22:01 [INFO]: DB connection successfully!...
2026-02-03 16:26:37 [INFO]: ::1 - - [03/Feb/2026:14:26:37 +0000] "GET /likes/count HTTP/1.1" 400 77 "-" "PostmanRuntime/7.51.1"
2026-02-03 16:27:35 [INFO]: ::1 - - [03/Feb/2026:14:27:35 +0000] "GET /likes HTTP/1.1" 404 144 "-" "PostmanRuntime/7.51.1"
2026-02-03 16:27:52 [INFO]: ::1 - - [03/Feb/2026:14:27:52 +0000] "POST /likes HTTP/1.1" 401 63 "-" "PostmanRuntime/7.51.1"
2026-02-03 16:28:02 [INFO]: ::1 - - [03/Feb/2026:14:28:02 +0000] "POST /likes HTTP/1.1" 200 78 "-" "PostmanRuntime/7.51.1"
2026-02-03 16:29:11 [INFO]: ::1 - - [03/Feb/2026:14:29:11 +0000] "POST /likes HTTP/1.1" 404 68 "-" "PostmanRuntime/7.51.1"
2026-02-03 16:29:18 [INFO]: ::1 - - [03/Feb/2026:14:29:18 +0000] "GET /comments HTTP/1.1" 200 922 "-" "PostmanRuntime/7.51.1"
2026-02-03 16:29:27 [INFO]: ::1 - - [03/Feb/2026:14:29:27 +0000] "POST /likes HTTP/1.1" 200 78 "-" "PostmanRuntime/7.51.1"
2026-02-03 16:29:44 [INFO]: ::1 - - [03/Feb/2026:14:29:44 +0000] "GET /comments HTTP/1.1" 200 922 "-" "PostmanRuntime/7.51.1"
2026-02-03 16:30:04 [INFO]: ::1 - - [03/Feb/2026:14:30:04 +0000] "GET /posts?limit=10&page=1 HTTP/1.1" 200 3110 "-" "PostmanRuntime/7.51.1"
2026-02-03 16:30:29 [INFO]: ::1 - - [03/Feb/2026:14:30:29 +0000] "GET /likes/count HTTP/1.1" 400 77 "-" "PostmanRuntime/7.51.1"
2026-02-03 16:31:08 [INFO]: ::1 - - [03/Feb/2026:14:31:08 +0000] "GET /likes/count HTTP/1.1" 400 77 "-" "PostmanRuntime/7.51.1"
2026-02-03 16:31:18 [INFO]: ::1 - - [03/Feb/2026:14:31:18 +0000] "GET /likes/count HTTP/1.1" 400 77 "-" "PostmanRuntime/7.51.1"
2026-02-03 16:31:28 [INFO]: ::1 - - [03/Feb/2026:14:31:28 +0000] "GET /likes/count HTTP/1.1" 400 77 "-" "PostmanRuntime/7.51.1"
2026-02-03 16:31:37 [INFO]: ::1 - - [03/Feb/2026:14:31:37 +0000] "GET /likes/count HTTP/1.1" 400 77 "-" "PostmanRuntime/7.51.1"
2026-02-03 16:32:38 [INFO]: ::1 - - [03/Feb/2026:14:32:38 +0000] "GET /likes/count?targetType=Comment HTTP/1.1" 400 75 "-" "PostmanRuntime/7.51.1"
2026-02-03 16:32:54 [INFO]: ::1 - - [03/Feb/2026:14:32:54 +0000] "GET /likes/count?targetType=Comment&targetId=6981fed5c3d03b3eb2ab292c HTTP/1.1" 200 39 "-" "PostmanRuntime/7.51.1"
2026-02-03 16:33:07 [INFO]: ::1 - - [03/Feb/2026:14:33:07 +0000] "GET /likes/count?targetType=Post&targetId=6981fed5c3d03b3eb2ab292c HTTP/1.1" 200 39 "-" "PostmanRuntime/7.51.1"
2026-02-03 16:34:19 [INFO]: ::1 - - [03/Feb/2026:14:34:19 +0000] "GET /likes/check HTTP/1.1" 401 63 "-" "PostmanRuntime/7.51.1"
2026-02-03 16:34:26 [INFO]: ::1 - - [03/Feb/2026:14:34:26 +0000] "GET /likes/check HTTP/1.1" 400 77 "-" "PostmanRuntime/7.51.1"
2026-02-03 16:35:00 [INFO]: ::1 - - [03/Feb/2026:14:35:00 +0000] "GET /likes/check?targetType=Post&targetId=6981fed5c3d03b3eb2ab292c HTTP/1.1" 200 43 "-" "PostmanRuntime/7.51.1"
2026-02-03 16:35:51 [INFO]: ::1 - - [03/Feb/2026:14:35:51 +0000] "GET /users HTTP/1.1" 200 726 "-" "PostmanRuntime/7.51.1"
2026-02-03 16:36:06 [INFO]: ::1 - - [03/Feb/2026:14:36:06 +0000] "GET /users/69708d592ccf090785e47091/likes HTTP/1.1" 401 63 "-" "PostmanRuntime/7.51.1"
2026-02-03 16:36:13 [INFO]: ::1 - - [03/Feb/2026:14:36:13 +0000] "GET /users/69708d592ccf090785e47091/likes HTTP/1.1" 200 639 "-" "PostmanRuntime/7.51.1"
2026-02-03 16:38:31 [INFO]: Server listening on port 3000...
2026-02-03 16:38:31 [INFO]: Server listening on port 3000...
2026-02-03 16:38:31 [INFO]: DB connection successfully!...
2026-02-03 16:38:31 [INFO]: DB connection successfully!...
2026-02-03 16:59:20 [INFO]: Server listening on port 3000...
2026-02-03 16:59:20 [INFO]: Server listening on port 3000...
2026-02-03 16:59:20 [INFO]: DB connection successfully!...
2026-02-03 16:59:20 [INFO]: DB connection successfully!...
2026-02-03 16:59:23 [INFO]: Server listening on port 3000...
2026-02-03 16:59:23 [INFO]: Server listening on port 3000...
2026-02-03 16:59:23 [INFO]: DB connection successfully!...
2026-02-03 16:59:23 [INFO]: DB connection successfully!...
2026-02-03 16:59:25 [INFO]: Server listening on port 3000...
2026-02-03 16:59:25 [INFO]: Server listening on port 3000...
2026-02-03 16:59:25 [INFO]: DB connection successfully!...
2026-02-03 16:59:25 [INFO]: DB connection successfully!...
2026-02-03 16:59:29 [INFO]: Server listening on port 3000...
2026-02-03 16:59:29 [INFO]: Server listening on port 3000...
2026-02-03 16:59:29 [INFO]: DB connection successfully!...
2026-02-03 16:59:29 [INFO]: DB connection successfully!...
2026-02-03 16:59:32 [INFO]: Server listening on port 3000...
2026-02-03 16:59:32 [INFO]: Server listening on port 3000...
2026-02-03 16:59:32 [INFO]: DB connection successfully!...
2026-02-03 16:59:32 [INFO]: DB connection successfully!...
2026-02-03 17:00:19 [INFO]: Server listening on port 3000...
2026-02-03 17:00:19 [INFO]: Server listening on port 3000...
2026-02-03 17:00:19 [INFO]: DB connection successfully!...
2026-02-03 17:00:19 [INFO]: DB connection successfully!...
2026-02-03 17:00:22 [INFO]: Server listening on port 3000...
2026-02-03 17:00:22 [INFO]: Server listening on port 3000...
2026-02-03 17:00:22 [INFO]: DB connection successfully!...
2026-02-03 17:00:22 [INFO]: DB connection successfully!...
2026-02-03 17:00:26 [INFO]: Server listening on port 3000...
2026-02-03 17:00:26 [INFO]: DB connection successfully!...
2026-02-03 17:00:26 [INFO]: Server listening on port 3000...
2026-02-03 17:00:26 [INFO]: DB connection successfully!...
2026-02-03 17:00:33 [INFO]: Server listening on port 3000...
2026-02-03 17:00:33 [INFO]: Server listening on port 3000...
2026-02-03 17:00:33 [INFO]: DB connection successfully!...
2026-02-03 17:00:33 [INFO]: DB connection successfully!...
2026-02-03 17:23:43 [INFO]: Server listening on port 3000...
2026-02-03 17:23:43 [INFO]: Server listening on port 3000...
2026-02-03 17:23:43 [INFO]: DB connection successfully!...
2026-02-03 17:23:43 [INFO]: DB connection successfully!...
2026-02-03 17:23:43 [INFO]: Server listening on port 3000...
2026-02-03 17:23:43 [INFO]: Server listening on port 3000...
2026-02-03 17:23:43 [INFO]: DB connection successfully!...
2026-02-03 17:23:43 [INFO]: DB connection successfully!...
2026-02-03 17:23:55 [INFO]: Server listening on port 3000...
2026-02-03 17:23:55 [INFO]: Server listening on port 3000...
2026-02-03 17:23:55 [INFO]: DB connection successfully!...
2026-02-03 17:23:55 [INFO]: DB connection successfully!...
2026-02-03 17:24:10 [INFO]: Server listening on port 3000...
2026-02-03 17:24:10 [INFO]: Server listening on port 3000...
2026-02-03 17:24:10 [INFO]: DB connection successfully!...
2026-02-03 17:24:10 [INFO]: DB connection successfully!...
2026-02-03 17:25:17 [INFO]: Server listening on port 3000...
2026-02-03 17:25:17 [INFO]: Server listening on port 3000...
2026-02-03 17:25:17 [INFO]: DB connection successfully!...
2026-02-03 17:25:17 [INFO]: DB connection successfully!...
2026-02-03 17:27:13 [INFO]: Server listening on port 3000...
2026-02-03 17:27:13 [INFO]: Server listening on port 3000...
2026-02-03 17:27:13 [INFO]: DB connection successfully!...
2026-02-03 17:27:13 [INFO]: DB connection successfully!...
2026-02-03 17:27:17 [INFO]: Server listening on port 3000...
2026-02-03 17:27:17 [INFO]: DB connection successfully!...
2026-02-03 17:27:17 [INFO]: Server listening on port 3000...
2026-02-03 17:27:17 [INFO]: DB connection successfully!...
2026-02-03 17:27:18 [INFO]: Server listening on port 3000...
2026-02-03 17:27:18 [INFO]: Server listening on port 3000...
2026-02-03 17:27:18 [INFO]: DB connection successfully!...
2026-02-03 17:27:18 [INFO]: DB connection successfully!...
2026-02-03 17:27:24 [INFO]: Server listening on port 3000...
2026-02-03 17:27:24 [INFO]: DB connection successfully!...
2026-02-03 17:27:24 [INFO]: Server listening on port 3000...
2026-02-03 17:27:24 [INFO]: DB connection successfully!...
2026-02-03 17:28:17 [INFO]: Server listening on port 3000...
2026-02-03 17:28:17 [INFO]: Server listening on port 3000...
2026-02-03 17:28:17 [INFO]: DB connection successfully!...
2026-02-03 17:28:17 [INFO]: DB connection successfully!...
2026-02-03 17:28:45 [INFO]: Server listening on port 3000...
2026-02-03 17:28:45 [INFO]: Server listening on port 3000...
2026-02-03 17:28:45 [INFO]: DB connection successfully!...
2026-02-03 17:28:45 [INFO]: DB connection successfully!...
2026-02-03 17:33:02 [INFO]: Server listening on port 3000...
2026-02-03 17:33:02 [INFO]: Server listening on port 3000...
2026-02-03 17:33:02 [INFO]: DB connection successfully!...
2026-02-03 17:33:02 [INFO]: DB connection successfully!...
2026-02-03 17:33:03 [INFO]: Server listening on port 3000...
2026-02-03 17:33:03 [INFO]: Server listening on port 3000...
2026-02-03 17:33:03 [INFO]: DB connection successfully!...
2026-02-03 17:33:03 [INFO]: DB connection successfully!...
2026-02-03 17:33:05 [INFO]: Server listening on port 3000...
2026-02-03 17:33:05 [INFO]: Server listening on port 3000...
2026-02-03 17:33:05 [INFO]: DB connection successfully!...
2026-02-03 17:33:05 [INFO]: DB connection successfully!...
2026-02-03 17:33:07 [INFO]: Server listening on port 3000...
2026-02-03 17:33:07 [INFO]: Server listening on port 3000...
2026-02-03 17:33:07 [INFO]: DB connection successfully!...
2026-02-03 17:33:07 [INFO]: DB connection successfully!...
2026-02-03 17:39:36 [INFO]: Image uploaded to ImageKit: 698216b75c7cd75eb84274a0
2026-02-03 17:39:36 [INFO]: ::1 - - [03/Feb/2026:15:39:36 +0000] "POST /users/profile-picture HTTP/1.1" 200 202 "-" "PostmanRuntime/7.51.1"
2026-02-03 17:40:31 [INFO]: ::1 - - [03/Feb/2026:15:40:31 +0000] "GET /users HTTP/1.1" 200 849 "-" "PostmanRuntime/7.51.1"
2026-02-03 17:42:03 [INFO]: Image deleted from ImageKit: 698216b75c7cd75eb84274a0
2026-02-03 17:42:03 [INFO]: ::1 - - [03/Feb/2026:15:42:03 +0000] "DELETE /users/profile-picture HTTP/1.1" 200 69 "-" "PostmanRuntime/7.51.1"
2026-02-03 17:42:12 [INFO]: ::1 - - [03/Feb/2026:15:42:12 +0000] "GET /users HTTP/1.1" 200 726 "-" "PostmanRuntime/7.51.1"
2026-02-03 17:42:52 [INFO]: Server listening on port 3000...
2026-02-03 17:42:52 [INFO]: DB connection successfully!...
2026-02-03 17:42:52 [INFO]: Server listening on port 3000...
2026-02-03 17:42:52 [INFO]: DB connection successfully!...
2026-02-03 17:42:54 [INFO]: Server listening on port 3000...
2026-02-03 17:42:54 [INFO]: Server listening on port 3000...
2026-02-03 17:42:54 [INFO]: DB connection successfully!...
2026-02-03 17:42:54 [INFO]: DB connection successfully!...
2026-02-03 18:07:42 [INFO]: Server listening on port 3000...
2026-02-03 18:07:42 [INFO]: Server listening on port 3000...
2026-02-03 18:07:42 [INFO]: DB connection successfully!...
2026-02-03 18:07:42 [INFO]: DB connection successfully!...
2026-02-03 18:07:44 [INFO]: Server listening on port 3000...
2026-02-03 18:07:44 [INFO]: Server listening on port 3000...
2026-02-03 18:07:44 [INFO]: DB connection successfully!...
2026-02-03 18:07:44 [INFO]: DB connection successfully!...
2026-02-03 18:07:59 [INFO]: Server listening on port 3000...
2026-02-03 18:07:59 [INFO]: DB connection successfully!...
2026-02-03 18:07:59 [INFO]: Server listening on port 3000...
2026-02-03 18:07:59 [INFO]: DB connection successfully!...
2026-02-03 18:08:02 [INFO]: Server listening on port 3000...
2026-02-03 18:08:02 [INFO]: Server listening on port 3000...
2026-02-03 18:08:02 [INFO]: DB connection successfully!...
2026-02-03 18:08:02 [INFO]: DB connection successfully!...
2026-02-03 18:10:22 [INFO]: ::1 - - [03/Feb/2026:16:10:22 +0000] "POST /posts/696e04e031b1ed024f3cd392/images HTTP/1.1" 500 73 "-" "PostmanRuntime/7.51.1"
2026-02-03 18:10:54 [INFO]: ::1 - - [03/Feb/2026:16:10:54 +0000] "POST /posts/696e04e031b1ed024f3cd392/images HTTP/1.1" 500 73 "-" "PostmanRuntime/7.51.1"
2026-02-03 18:11:39 [INFO]: Server listening on port 3000...
2026-02-03 18:11:39 [INFO]: Server listening on port 3000...
2026-02-03 18:11:39 [INFO]: DB connection successfully!...
2026-02-03 18:11:39 [INFO]: DB connection successfully!...
2026-02-03 18:11:45 [INFO]: ::1 - - [03/Feb/2026:16:11:45 +0000] "POST /posts/696e04e031b1ed024f3cd392/images HTTP/1.1" 400 68 "-" "PostmanRuntime/7.51.1"
2026-02-03 18:12:01 [INFO]: Server listening on port 3000...
2026-02-03 18:12:01 [INFO]: Server listening on port 3000...
2026-02-03 18:12:01 [INFO]: DB connection successfully!...
2026-02-03 18:12:01 [INFO]: DB connection successfully!...
2026-02-03 18:12:03 [INFO]: ::1 - - [03/Feb/2026:16:12:03 +0000] "POST /posts/696e04e031b1ed024f3cd392/images HTTP/1.1" 500 73 "-" "PostmanRuntime/7.51.1"
2026-02-03 18:13:16 [INFO]: Server listening on port 3000...
2026-02-03 18:13:16 [INFO]: Server listening on port 3000...
2026-02-03 18:13:16 [INFO]: DB connection successfully!...
2026-02-03 18:13:16 [INFO]: DB connection successfully!...
2026-02-03 18:13:40 [INFO]: ::1 - - [03/Feb/2026:16:13:40 +0000] "POST /posts/696e04e031b1ed024f3cd392/images HTTP/1.1" 500 70 "-" "PostmanRuntime/7.51.1"
2026-02-03 18:13:48 [INFO]: ::1 - - [03/Feb/2026:16:13:48 +0000] "GET /posts?limit=10&page=1 HTTP/1.1" 200 3110 "-" "PostmanRuntime/7.51.1"
2026-02-03 18:14:05 [INFO]: ::1 - - [03/Feb/2026:16:14:05 +0000] "POST /posts/696e04e331b1ed024f3cd394/images HTTP/1.1" 500 70 "-" "PostmanRuntime/7.51.1"
2026-02-03 18:16:21 [INFO]: ::1 - - [03/Feb/2026:16:16:21 +0000] "POST /posts/696e04e331b1ed024f3cd394/images HTTP/1.1" 500 70 "-" "PostmanRuntime/7.51.1"
2026-02-03 18:16:28 [INFO]: ::1 - - [03/Feb/2026:16:16:28 +0000] "POST /posts/696e04e331b1ed024f3cd394/images HTTP/1.1" 500 70 "-" "PostmanRuntime/7.51.1"
2026-02-03 18:17:18 [INFO]: ::1 - - [03/Feb/2026:16:17:18 +0000] "GET /posts/6970b99d7552269e3ab74fde HTTP/1.1" 200 444 "-" "PostmanRuntime/7.51.1"
2026-02-03 18:17:33 [INFO]: ::1 - - [03/Feb/2026:16:17:33 +0000] "GET /posts?limit=10&page=1 HTTP/1.1" 200 3110 "-" "PostmanRuntime/7.51.1"
2026-02-03 18:18:45 [INFO]: Server listening on port 3000...
2026-02-03 18:18:45 [INFO]: DB connection successfully!...
2026-02-03 18:18:45 [INFO]: Server listening on port 3000...
2026-02-03 18:18:45 [INFO]: DB connection successfully!...
2026-02-03 18:18:57 [INFO]: ::1 - - [03/Feb/2026:16:18:57 +0000] "GET /posts/6970b99d7552269e3ab74fde HTTP/1.1" 200 444 "-" "PostmanRuntime/7.51.1"
2026-02-03 18:19:21 [ERROR]: ImageKit upload error: getaddrinfo ENOTFOUND upload.imagekit.io
2026-02-03 18:19:21 [INFO]: ::1 - - [03/Feb/2026:16:19:21 +0000] "POST /posts/6970b99d7552269e3ab74fde/images HTTP/1.1" 500 73 "-" "PostmanRuntime/7.51.1"
2026-02-03 18:19:41 [INFO]: Image uploaded to ImageKit: 6982201c5c7cd75eb8883913
2026-02-03 18:19:41 [INFO]: ::1 - - [03/Feb/2026:16:19:41 +0000] "POST /posts/6970b99d7552269e3ab74fde/images HTTP/1.1" 200 256 "-" "PostmanRuntime/7.51.1"
2026-02-03 18:20:39 [INFO]: ::1 - - [03/Feb/2026:16:20:39 +0000] "DELETE /posts/6970b99d7552269e3ab74fde/images/6982201de061f75fb041d25a HTTP/1.1" 404 66 "-" "PostmanRuntime/7.51.1"
2026-02-03 18:21:08 [INFO]: Server listening on port 3000...
2026-02-03 18:21:08 [INFO]: Server listening on port 3000...
2026-02-03 18:21:08 [INFO]: DB connection successfully!...
2026-02-03 18:21:08 [INFO]: DB connection successfully!...
2026-02-03 18:21:14 [INFO]: Image uploaded to ImageKit: 698220795c7cd75eb88a51aa
2026-02-03 18:21:14 [INFO]: ::1 - - [03/Feb/2026:16:21:14 +0000] "POST /posts/6970b99d7552269e3ab74fde/images HTTP/1.1" 200 431 "-" "PostmanRuntime/7.51.1"
2026-02-03 18:21:24 [INFO]: ::1 - - [03/Feb/2026:16:21:24 +0000] "DELETE /posts/6970b99d7552269e3ab74fde/images/6982207a7c8c218b562cb0c2 HTTP/1.1" 404 66 "-" "PostmanRuntime/7.51.1"
2026-02-03 18:21:57 [INFO]: ::1 - - [03/Feb/2026:16:21:57 +0000] "DELETE /posts/6970b99d7552269e3ab74fde/images/6982201de061f75fb041d25a HTTP/1.1" 404 66 "-" "PostmanRuntime/7.51.1"
2026-02-03 18:23:13 [INFO]: Server listening on port 3000...
2026-02-03 18:23:13 [INFO]: Server listening on port 3000...
2026-02-03 18:23:13 [INFO]: DB connection successfully!...
2026-02-03 18:23:13 [INFO]: DB connection successfully!...
2026-02-03 18:24:02 [ERROR]: ImageKit delete error: getaddrinfo ENOTFOUND api.imagekit.io
2026-02-03 18:24:02 [INFO]: ::1 - - [03/Feb/2026:16:24:02 +0000] "DELETE /posts/6970b99d7552269e3ab74fde/images/6982201de061f75fb041d25a HTTP/1.1" 500 73 "-" "PostmanRuntime/7.51.1"
2026-02-03 18:24:16 [ERROR]: ImageKit delete error: getaddrinfo ENOTFOUND api.imagekit.io
2026-02-03 18:24:16 [INFO]: ::1 - - [03/Feb/2026:16:24:16 +0000] "DELETE /posts/6970b99d7552269e3ab74fde/images/6982201de061f75fb041d25a HTTP/1.1" 500 73 "-" "PostmanRuntime/7.51.1"
2026-02-03 18:25:01 [INFO]: Server listening on port 3000...
2026-02-03 18:25:01 [INFO]: Server listening on port 3000...
2026-02-03 18:25:01 [INFO]: DB connection successfully!...
2026-02-03 18:25:01 [INFO]: DB connection successfully!...
2026-02-03 18:25:04 [INFO]: Image deleted from ImageKit: 698220795c7cd75eb88a51aa
2026-02-03 18:25:04 [INFO]: ::1 - - [03/Feb/2026:16:25:04 +0000] "DELETE /posts/6970b99d7552269e3ab74fde/images/698220795c7cd75eb88a51aa HTTP/1.1" 200 59 "-" "PostmanRuntime/7.51.1"
2026-02-03 18:25:20 [INFO]: ::1 - - [03/Feb/2026:16:25:20 +0000] "GET /posts/6970b99d7552269e3ab74fde HTTP/1.1" 200 618 "-" "PostmanRuntime/7.51.1"
2026-02-03 18:25:45 [INFO]: Server listening on port 3000...
2026-02-03 18:25:45 [INFO]: Server listening on port 3000...
2026-02-03 18:25:45 [INFO]: DB connection successfully!...
2026-02-03 18:25:45 [INFO]: DB connection successfully!...
2026-02-03 18:25:47 [INFO]: Server listening on port 3000...
2026-02-03 18:25:47 [INFO]: Server listening on port 3000...
2026-02-03 18:25:47 [INFO]: DB connection successfully!...
2026-02-03 18:25:47 [INFO]: DB connection successfully!...
2026-02-03 18:25:48 [INFO]: Server listening on port 3000...
2026-02-03 18:25:48 [INFO]: DB connection successfully!...
2026-02-03 18:25:48 [INFO]: Server listening on port 3000...
2026-02-03 18:25:49 [INFO]: DB connection successfully!...
2026-02-03 18:25:50 [INFO]: Server listening on port 3000...
2026-02-03 18:25:50 [INFO]: Server listening on port 3000...
2026-02-03 18:25:50 [INFO]: DB connection successfully!...
2026-02-03 18:25:50 [INFO]: DB connection successfully!...
2026-02-03 18:25:57 [INFO]: Server listening on port 3000...
2026-02-03 18:25:57 [INFO]: Server listening on port 3000...
2026-02-03 18:25:57 [INFO]: DB connection successfully!...
2026-02-03 18:25:57 [INFO]: DB connection successfully!...
2026-02-03 18:47:19 [INFO]: Server listening on port 3000...
2026-02-03 18:47:19 [INFO]: DB connection successfully!...
2026-02-03 18:47:20 [INFO]: Server listening on port 3000...
2026-02-03 18:47:20 [INFO]: Server listening on port 3000...
2026-02-03 18:47:20 [INFO]: DB connection successfully!...
2026-02-03 18:47:20 [INFO]: DB connection successfully!...
2026-02-03 18:47:22 [INFO]: Server listening on port 3000...
2026-02-03 18:47:22 [INFO]: Server listening on port 3000...
2026-02-03 18:47:22 [INFO]: DB connection successfully!...
2026-02-03 18:47:22 [INFO]: DB connection successfully!...
2026-02-03 18:47:24 [INFO]: Server listening on port 3000...
2026-02-03 18:47:24 [INFO]: Server listening on port 3000...
2026-02-03 18:47:24 [INFO]: DB connection successfully!...
2026-02-03 18:47:24 [INFO]: DB connection successfully!...
2026-02-03 18:47:27 [INFO]: Server listening on port 3000...
2026-02-03 18:47:27 [INFO]: Server listening on port 3000...
2026-02-03 18:47:27 [INFO]: DB connection successfully!...
2026-02-03 18:47:27 [INFO]: DB connection successfully!...
2026-02-03 18:49:07 [INFO]: Server listening on port 3000...
2026-02-03 18:49:07 [INFO]: Server listening on port 3000...
2026-02-03 18:49:07 [INFO]: DB connection successfully!...
2026-02-03 18:49:07 [INFO]: DB connection successfully!...
2026-02-03 18:49:10 [INFO]: Server listening on port 3000...
2026-02-03 18:49:10 [INFO]: Server listening on port 3000...
2026-02-03 18:49:10 [INFO]: DB connection successfully!...
2026-02-03 18:49:10 [INFO]: DB connection successfully!...
2026-02-03 18:49:22 [INFO]: Server listening on port 3000...
2026-02-03 18:49:22 [INFO]: Server listening on port 3000...
2026-02-03 18:49:22 [INFO]: DB connection successfully!...
2026-02-03 18:49:22 [INFO]: DB connection successfully!...
2026-02-03 18:49:44 [INFO]: Server listening on port 3000...
2026-02-03 18:49:44 [INFO]: Server listening on port 3000...
2026-02-03 18:49:44 [INFO]: DB connection successfully!...
2026-02-03 18:49:44 [INFO]: DB connection successfully!...
2026-02-03 18:50:03 [INFO]: Server listening on port 3000...
2026-02-03 18:50:03 [INFO]: DB connection successfully!...
2026-02-03 18:50:03 [INFO]: Server listening on port 3000...
2026-02-03 18:50:03 [INFO]: DB connection successfully!...
2026-02-03 18:50:07 [INFO]: Server listening on port 3000...
2026-02-03 18:50:07 [INFO]: DB connection successfully!...
2026-02-03 18:50:07 [INFO]: Server listening on port 3000...
2026-02-03 18:50:07 [INFO]: DB connection successfully!...
2026-02-03 18:50:10 [INFO]: Server listening on port 3000...
2026-02-03 18:50:10 [INFO]: Server listening on port 3000...
2026-02-03 18:50:10 [INFO]: DB connection successfully!...
2026-02-03 18:50:10 [INFO]: DB connection successfully!...
2026-02-03 18:50:15 [INFO]: Server listening on port 3000...
2026-02-03 18:50:15 [INFO]: Server listening on port 3000...
2026-02-03 18:50:15 [INFO]: DB connection successfully!...
2026-02-03 18:50:15 [INFO]: DB connection successfully!...
2026-02-03 18:50:47 [INFO]: Server listening on port 3000...
2026-02-03 18:50:47 [INFO]: Server listening on port 3000...
2026-02-03 18:50:47 [INFO]: DB connection successfully!...
2026-02-03 18:50:47 [INFO]: DB connection successfully!...
2026-02-03 18:51:03 [INFO]: Server listening on port 3000...
2026-02-03 18:51:03 [INFO]: Server listening on port 3000...
2026-02-03 18:51:03 [INFO]: DB connection successfully!...
2026-02-03 18:51:03 [INFO]: DB connection successfully!...
2026-02-03 18:51:06 [INFO]: Server listening on port 3000...
2026-02-03 18:51:06 [INFO]: Server listening on port 3000...
2026-02-03 18:51:06 [INFO]: DB connection successfully!...
2026-02-03 18:51:06 [INFO]: DB connection successfully!...
2026-02-03 18:51:11 [INFO]: Server listening on port 3000...
2026-02-03 18:51:11 [INFO]: DB connection successfully!...
2026-02-03 18:51:11 [INFO]: Server listening on port 3000...
2026-02-03 18:51:11 [INFO]: DB connection successfully!...
2026-02-03 18:51:15 [INFO]: Server listening on port 3000...
2026-02-03 18:51:15 [INFO]: DB connection successfully!...
2026-02-03 18:51:15 [INFO]: Server listening on port 3000...
2026-02-03 18:51:15 [INFO]: DB connection successfully!...
2026-02-03 18:51:19 [INFO]: Server listening on port 3000...
2026-02-03 18:51:19 [INFO]: Server listening on port 3000...
2026-02-03 18:51:19 [INFO]: DB connection successfully!...
2026-02-03 18:51:19 [INFO]: DB connection successfully!...
2026-02-03 18:51:45 [INFO]: Server listening on port 3000...
2026-02-03 18:51:45 [INFO]: Server listening on port 3000...
2026-02-03 18:51:45 [INFO]: DB connection successfully!...
2026-02-03 18:51:45 [INFO]: DB connection successfully!...
2026-02-03 18:51:46 [INFO]: Server listening on port 3000...
2026-02-03 18:51:46 [INFO]: Server listening on port 3000...
2026-02-03 18:51:46 [INFO]: DB connection successfully!...
2026-02-03 18:51:46 [INFO]: DB connection successfully!...
2026-02-03 18:51:47 [INFO]: Server listening on port 3000...
2026-02-03 18:51:47 [INFO]: Server listening on port 3000...
2026-02-03 18:51:47 [INFO]: DB connection successfully!...
2026-02-03 18:51:47 [INFO]: DB connection successfully!...
2026-02-03 19:07:33 [INFO]: Server listening on port 3000...
2026-02-03 19:07:33 [INFO]: Server listening on port 3000...
2026-02-03 19:07:33 [INFO]: DB connection successfully!...
2026-02-03 19:07:33 [INFO]: DB connection successfully!...
2026-02-03 19:08:59 [INFO]: ::1 - - [03/Feb/2026:17:08:59 +0000] "GET /posts/search HTTP/1.1" 200 90 "-" "PostmanRuntime/7.51.1"
2026-02-03 19:09:34 [INFO]: ::1 - - [03/Feb/2026:17:09:34 +0000] "GET /posts/search?tags=nodejs HTTP/1.1" 200 90 "-" "PostmanRuntime/7.51.1"
2026-02-03 19:09:46 [INFO]: ::1 - - [03/Feb/2026:17:09:46 +0000] "GET /posts/search?tags=nodejs HTTP/1.1" 200 90 "-" "PostmanRuntime/7.51.1"
2026-02-03 19:12:25 [INFO]: ::1 - - [03/Feb/2026:17:12:25 +0000] "GET /posts/search?tags=nodejs&q=Post HTTP/1.1" 200 90 "-" "PostmanRuntime/7.51.1"
2026-02-03 19:12:28 [INFO]: ::1 - - [03/Feb/2026:17:12:28 +0000] "GET /posts/search?q=Post HTTP/1.1" 200 90 "-" "PostmanRuntime/7.51.1"
2026-02-03 19:12:57 [INFO]: ::1 - - [03/Feb/2026:17:12:57 +0000] "GET /posts/search?tags=nodejs&q=Post&author=John%20Doe HTTP/1.1" 200 90 "-" "PostmanRuntime/7.51.1"
2026-02-03 19:13:00 [INFO]: ::1 - - [03/Feb/2026:17:13:00 +0000] "GET /posts/search?author=John%20Doe HTTP/1.1" 200 90 "-" "PostmanRuntime/7.51.1"
2026-02-03 19:13:27 [INFO]: ::1 - - [03/Feb/2026:17:13:27 +0000] "GET /posts/search?author=69708d592ccf090785e47091 HTTP/1.1" 200 90 "-" "PostmanRuntime/7.51.1"
2026-02-03 19:14:42 [INFO]: ::1 - - [03/Feb/2026:17:14:42 +0000] "GET /posts/search?startDate=2024-12-31&endDate=2026-2-3 HTTP/1.1" 200 90 "-" "PostmanRuntime/7.51.1"
2026-02-03 19:14:52 [INFO]: ::1 - - [03/Feb/2026:17:14:52 +0000] "GET /posts/search?startDate=2024-12-31&endDate=2026-02-03 HTTP/1.1" 200 90 "-" "PostmanRuntime/7.51.1"
2026-02-03 19:15:11 [INFO]: Server listening on port 3000...
2026-02-03 19:15:11 [INFO]: Server listening on port 3000...
2026-02-03 19:15:11 [INFO]: DB connection successfully!...
2026-02-03 19:15:11 [INFO]: DB connection successfully!...
2026-02-03 19:15:12 [INFO]: ::1 - - [03/Feb/2026:17:15:12 +0000] "GET /posts/search?startDate=2024-12-31&endDate=2026-02-03 HTTP/1.1" 200 669 "-" "PostmanRuntime/7.51.1"
2026-02-03 19:15:19 [INFO]: Server listening on port 3000...
2026-02-03 19:15:19 [INFO]: Server listening on port 3000...
2026-02-03 19:15:19 [INFO]: DB connection successfully!...
2026-02-03 19:15:19 [INFO]: DB connection successfully!...
2026-02-03 19:15:23 [INFO]: ::1 - - [03/Feb/2026:17:15:23 +0000] "GET /posts/search?author=69708d592ccf090785e47091 HTTP/1.1" 200 90 "-" "PostmanRuntime/7.51.1"
2026-02-03 19:15:28 [INFO]: Server listening on port 3000...
2026-02-03 19:15:28 [INFO]: Server listening on port 3000...
2026-02-03 19:15:28 [INFO]: DB connection successfully!...
2026-02-03 19:15:28 [INFO]: DB connection successfully!...
2026-02-03 19:15:30 [INFO]: ::1 - - [03/Feb/2026:17:15:30 +0000] "GET /posts/search?author=69708d592ccf090785e47091 HTTP/1.1" 200 669 "-" "PostmanRuntime/7.51.1"
2026-02-03 19:15:41 [INFO]: ::1 - - [03/Feb/2026:17:15:41 +0000] "GET /posts/search?q=Post HTTP/1.1" 200 682 "-" "PostmanRuntime/7.51.1"
2026-02-03 19:15:49 [INFO]: ::1 - - [03/Feb/2026:17:15:49 +0000] "GET /posts/search?tags=nodejs HTTP/1.1" 200 669 "-" "PostmanRuntime/7.51.1"
2026-02-03 19:16:00 [INFO]: Server listening on port 3000...
2026-02-03 19:16:00 [INFO]: Server listening on port 3000...
2026-02-03 19:16:00 [INFO]: DB connection successfully!...
2026-02-03 19:16:00 [INFO]: DB connection successfully!...
2026-02-03 19:42:57 [INFO]: ::1 - - [03/Feb/2026:17:42:57 +0000] "POST /posts/69708d592ccf090785e47091/view HTTP/1.1" 404 65 "-" "PostmanRuntime/7.51.1"
2026-02-03 19:43:14 [INFO]: ::1 - - [03/Feb/2026:17:43:14 +0000] "POST /posts/696e0c813c519d7a2c7a83fd/view HTTP/1.1" 200 64 "-" "PostmanRuntime/7.51.1"
2026-02-03 19:43:20 [INFO]: ::1 - - [03/Feb/2026:17:43:20 +0000] "GET /posts?limit=10&page=1 HTTP/1.1" 200 3110 "-" "PostmanRuntime/7.51.1"
2026-02-03 19:43:45 [INFO]: ::1 - - [03/Feb/2026:17:43:45 +0000] "GET /posts/696e0c813c519d7a2c7a83fd HTTP/1.1" 200 368 "-" "PostmanRuntime/7.51.1"
2026-02-04 15:16:01 [INFO]: Server listening on port 3000...
2026-02-04 15:16:01 [INFO]: Server listening on port 3000...
2026-02-04 15:16:01 [INFO]: DB connection successfully!...
2026-02-04 15:16:01 [INFO]: DB connection successfully!...
2026-02-04 15:16:03 [INFO]: Server listening on port 3000...
2026-02-04 15:16:03 [INFO]: Server listening on port 3000...
2026-02-04 15:16:03 [INFO]: DB connection successfully!...
2026-02-04 15:16:03 [INFO]: DB connection successfully!...
2026-02-04 15:17:06 [INFO]: Server listening on port 3000...
2026-02-04 15:17:06 [INFO]: Server listening on port 3000...
2026-02-04 15:17:06 [INFO]: DB connection successfully!...
2026-02-04 15:17:06 [INFO]: DB connection successfully!...
2026-02-04 15:17:08 [INFO]: Server listening on port 3000...
2026-02-04 15:17:08 [INFO]: Server listening on port 3000...
2026-02-04 15:17:08 [INFO]: DB connection successfully!...
2026-02-04 15:17:08 [INFO]: DB connection successfully!...
2026-02-04 15:17:31 [INFO]: Server listening on port 3000...
2026-02-04 15:17:31 [INFO]: Server listening on port 3000...
2026-02-04 15:17:31 [INFO]: DB connection successfully!...
2026-02-04 15:17:31 [INFO]: DB connection successfully!...
2026-02-04 15:17:39 [INFO]: Server listening on port 3000...
2026-02-04 15:17:39 [INFO]: Server listening on port 3000...
2026-02-04 15:17:39 [INFO]: DB connection successfully!...
2026-02-04 15:17:39 [INFO]: DB connection successfully!...
2026-02-04 15:17:42 [INFO]: Server listening on port 3000...
2026-02-04 15:17:42 [INFO]: DB connection successfully!...
2026-02-04 15:17:42 [INFO]: Server listening on port 3000...
2026-02-04 15:17:42 [INFO]: DB connection successfully!...
2026-02-04 15:17:47 [INFO]: Server listening on port 3000...
2026-02-04 15:17:47 [INFO]: DB connection successfully!...
2026-02-04 15:17:47 [INFO]: Server listening on port 3000...
2026-02-04 15:17:47 [INFO]: DB connection successfully!...
2026-02-04 15:17:49 [INFO]: Server listening on port 3000...
2026-02-04 15:17:49 [INFO]: Server listening on port 3000...
2026-02-04 15:17:49 [INFO]: DB connection successfully!...
2026-02-04 15:17:49 [INFO]: DB connection successfully!...
2026-02-04 15:17:54 [INFO]: Server listening on port 3000...
2026-02-04 15:17:54 [INFO]: Server listening on port 3000...
2026-02-04 15:17:54 [INFO]: DB connection successfully!...
2026-02-04 15:17:54 [INFO]: DB connection successfully!...
2026-02-04 15:17:55 [INFO]: Server listening on port 3000...
2026-02-04 15:17:55 [INFO]: Server listening on port 3000...
2026-02-04 15:17:55 [INFO]: DB connection successfully!...
2026-02-04 15:17:55 [INFO]: DB connection successfully!...
2026-02-04 15:17:57 [INFO]: Server listening on port 3000...
2026-02-04 15:17:57 [INFO]: Server listening on port 3000...
2026-02-04 15:17:57 [INFO]: DB connection successfully!...
2026-02-04 15:17:57 [INFO]: DB connection successfully!...
2026-02-04 15:18:04 [INFO]: Server listening on port 3000...
2026-02-04 15:18:04 [INFO]: Server listening on port 3000...
2026-02-04 15:18:04 [INFO]: DB connection successfully!...
2026-02-04 15:18:04 [INFO]: DB connection successfully!...
2026-02-04 15:18:15 [INFO]: Server listening on port 3000...
2026-02-04 15:18:15 [INFO]: Server listening on port 3000...
2026-02-04 15:18:15 [INFO]: DB connection successfully!...
2026-02-04 15:18:15 [INFO]: DB connection successfully!...
2026-02-04 15:18:24 [INFO]: Server listening on port 3000...
2026-02-04 15:18:24 [INFO]: Server listening on port 3000...
2026-02-04 15:18:24 [INFO]: DB connection successfully!...
2026-02-04 15:18:24 [INFO]: DB connection successfully!...
2026-02-04 15:18:32 [INFO]: Server listening on port 3000...
2026-02-04 15:18:32 [INFO]: DB connection successfully!...
2026-02-04 15:18:32 [INFO]: Server listening on port 3000...
2026-02-04 15:18:32 [INFO]: DB connection successfully!...
2026-02-04 15:18:36 [INFO]: Server listening on port 3000...
2026-02-04 15:18:36 [INFO]: Server listening on port 3000...
2026-02-04 15:18:36 [INFO]: DB connection successfully!...
2026-02-04 15:18:36 [INFO]: DB connection successfully!...
2026-02-04 15:18:55 [INFO]: Server listening on port 3000...
2026-02-04 15:18:55 [INFO]: Server listening on port 3000...
2026-02-04 15:18:55 [INFO]: DB connection successfully!...
2026-02-04 15:18:55 [INFO]: DB connection successfully!...
2026-02-04 15:19:00 [INFO]: Server listening on port 3000...
2026-02-04 15:19:00 [INFO]: Server listening on port 3000...
2026-02-04 15:19:00 [INFO]: DB connection successfully!...
2026-02-04 15:19:00 [INFO]: DB connection successfully!...
2026-02-04 15:20:43 [INFO]: Server listening on port 3000...
2026-02-04 15:20:43 [INFO]: Server listening on port 3000...
2026-02-04 15:20:43 [INFO]: DB connection successfully!...
2026-02-04 15:20:43 [INFO]: DB connection successfully!...
2026-02-04 15:20:54 [INFO]: Server listening on port 3000...
2026-02-04 15:20:54 [INFO]: Server listening on port 3000...
2026-02-04 15:20:55 [INFO]: DB connection successfully!...
2026-02-04 15:20:55 [INFO]: DB connection successfully!...
2026-02-04 15:22:04 [INFO]: ::1 - - [04/Feb/2026:13:22:04 +0000] "GET /users/69708d592ccf090785e47091/likes HTTP/1.1" 401 63 "-" "PostmanRuntime/7.51.1"
2026-02-04 15:22:10 [INFO]: ::1 - - [04/Feb/2026:13:22:10 +0000] "GET /users/69708d592ccf090785e47091/likes HTTP/1.1" 401 63 "-" "PostmanRuntime/7.51.1"
2026-02-04 15:22:22 [INFO]: ::1 - - [04/Feb/2026:13:22:22 +0000] "POST /users/login HTTP/1.1" 200 302 "-" "PostmanRuntime/7.51.1"
2026-02-04 15:22:27 [INFO]: ::1 - - [04/Feb/2026:13:22:27 +0000] "GET /users/69708d592ccf090785e47091/likes HTTP/1.1" 200 639 "-" "PostmanRuntime/7.51.1"
2026-02-04 15:25:17 [INFO]: ::1 - - [04/Feb/2026:13:25:17 +0000] "GET /users/69708d592ccf090785e47091 HTTP/1.1" 200 352 "-" "PostmanRuntime/7.51.1"
2026-02-04 15:26:38 [INFO]: ::1 - - [04/Feb/2026:13:26:38 +0000] "GET /users HTTP/1.1" 200 726 "-" "PostmanRuntime/7.51.1"
2026-02-04 15:26:57 [INFO]: ::1 - - [04/Feb/2026:13:26:57 +0000] "POST /users/6970944c7c512e8554f9257b/follow HTTP/1.1" 200 59 "-" "PostmanRuntime/7.51.1"
2026-02-04 15:27:09 [INFO]: ::1 - - [04/Feb/2026:13:27:09 +0000] "GET /users/6970944c7c512e8554f9257b HTTP/1.1" 200 342 "-" "PostmanRuntime/7.51.1"
2026-02-04 15:27:46 [INFO]: ::1 - - [04/Feb/2026:13:27:46 +0000] "DELETE /users/6970944c7c512e8554f9257b/follow HTTP/1.1" 401 63 "-" "PostmanRuntime/7.51.1"
2026-02-04 15:28:01 [INFO]: ::1 - - [04/Feb/2026:13:28:01 +0000] "DELETE /users/6970944c7c512e8554f9257b/follow HTTP/1.1" 200 61 "-" "PostmanRuntime/7.51.1"
2026-02-04 15:29:00 [INFO]: ::1 - - [04/Feb/2026:13:29:00 +0000] "GET /users/6970944c7c512e8554f9257b HTTP/1.1" 401 63 "-" "PostmanRuntime/7.51.1"
2026-02-04 15:29:07 [INFO]: ::1 - - [04/Feb/2026:13:29:07 +0000] "GET /users/6970944c7c512e8554f9257b HTTP/1.1" 200 342 "-" "PostmanRuntime/7.51.1"
2026-02-04 15:29:28 [INFO]: ::1 - - [04/Feb/2026:13:29:28 +0000] "DELETE /users/6970944c7c512e8554f9257b/followers HTTP/1.1" 404 182 "-" "PostmanRuntime/7.51.1"
2026-02-04 15:29:49 [INFO]: ::1 - - [04/Feb/2026:13:29:49 +0000] "DELETE /users/6970944c7c512e8554f9257b/followers HTTP/1.1" 404 182 "-" "PostmanRuntime/7.51.1"
2026-02-04 15:29:54 [INFO]: ::1 - - [04/Feb/2026:13:29:54 +0000] "GET /users/6970944c7c512e8554f9257b/followers HTTP/1.1" 200 90 "-" "PostmanRuntime/7.51.1"
2026-02-04 15:30:24 [INFO]: ::1 - - [04/Feb/2026:13:30:24 +0000] "GET /users/6970944c7c512e8554f9257b/followeing HTTP/1.1" 404 180 "-" "PostmanRuntime/7.51.1"
2026-02-04 15:30:33 [INFO]: ::1 - - [04/Feb/2026:13:30:33 +0000] "GET /users/6970944c7c512e8554f9257b/following HTTP/1.1" 200 90 "-" "PostmanRuntime/7.51.1"
2026-02-04 15:30:54 [INFO]: ::1 - - [04/Feb/2026:13:30:54 +0000] "POST /users/6970944c7c512e8554f9257b/follow HTTP/1.1" 200 59 "-" "PostmanRuntime/7.51.1"
2026-02-04 15:31:02 [INFO]: ::1 - - [04/Feb/2026:13:31:02 +0000] "GET /users/6970944c7c512e8554f9257b/followers HTTP/1.1" 200 197 "-" "PostmanRuntime/7.51.1"
2026-02-04 15:33:12 [INFO]: Server listening on port 3000...
2026-02-04 15:33:12 [INFO]: Server listening on port 3000...
2026-02-04 15:33:12 [INFO]: DB connection successfully!...
2026-02-04 15:33:12 [INFO]: DB connection successfully!...
2026-02-04 15:34:05 [INFO]: Server listening on port 3000...
2026-02-04 15:34:05 [INFO]: Server listening on port 3000...
2026-02-04 15:34:05 [INFO]: DB connection successfully!...
2026-02-04 15:34:05 [INFO]: DB connection successfully!...
2026-02-04 15:34:06 [INFO]: Server listening on port 3000...
2026-02-04 15:34:06 [INFO]: Server listening on port 3000...
2026-02-04 15:34:06 [INFO]: DB connection successfully!...
2026-02-04 15:34:06 [INFO]: DB connection successfully!...
2026-02-04 15:34:19 [INFO]: Server listening on port 3000...
2026-02-04 15:34:19 [INFO]: Server listening on port 3000...
2026-02-04 15:34:19 [INFO]: DB connection successfully!...
2026-02-04 15:34:19 [INFO]: DB connection successfully!...
2026-02-04 15:34:21 [INFO]: Server listening on port 3000...
2026-02-04 15:34:21 [INFO]: Server listening on port 3000...
2026-02-04 15:34:21 [INFO]: DB connection successfully!...
2026-02-04 15:34:21 [INFO]: DB connection successfully!...
2026-02-04 15:34:22 [INFO]: Server listening on port 3000...
2026-02-04 15:34:22 [INFO]: Server listening on port 3000...
2026-02-04 15:34:22 [INFO]: DB connection successfully!...
2026-02-04 15:34:22 [INFO]: DB connection successfully!...
2026-02-04 15:34:27 [INFO]: Server listening on port 3000...
2026-02-04 15:34:27 [INFO]: Server listening on port 3000...
2026-02-04 15:34:27 [INFO]: DB connection successfully!...
2026-02-04 15:34:27 [INFO]: DB connection successfully!...
2026-02-04 15:34:32 [INFO]: Server listening on port 3000...
2026-02-04 15:34:32 [INFO]: Server listening on port 3000...
2026-02-04 15:34:32 [INFO]: DB connection successfully!...
2026-02-04 15:34:32 [INFO]: DB connection successfully!...
2026-02-04 15:34:39 [INFO]: Server listening on port 3000...
2026-02-04 15:34:39 [INFO]: Server listening on port 3000...
2026-02-04 15:34:39 [INFO]: DB connection successfully!...
2026-02-04 15:34:39 [INFO]: DB connection successfully!...
2026-02-04 15:35:56 [INFO]: Server listening on port 3000...
2026-02-04 15:35:56 [INFO]: Server listening on port 3000...
2026-02-04 15:35:56 [INFO]: DB connection successfully!...
2026-02-04 15:35:56 [INFO]: DB connection successfully!...
2026-02-04 15:35:57 [INFO]: Server listening on port 3000...
2026-02-04 15:35:57 [INFO]: Server listening on port 3000...
2026-02-04 15:35:57 [INFO]: DB connection successfully!...
2026-02-04 15:35:57 [INFO]: DB connection successfully!...
2026-02-04 15:36:04 [INFO]: Server listening on port 3000...
2026-02-04 15:36:04 [INFO]: Server listening on port 3000...
2026-02-04 15:36:04 [INFO]: DB connection successfully!...
2026-02-04 15:36:04 [INFO]: DB connection successfully!...
2026-02-04 15:36:14 [INFO]: Server listening on port 3000...
2026-02-04 15:36:14 [INFO]: Server listening on port 3000...
2026-02-04 15:36:14 [INFO]: DB connection successfully!...
2026-02-04 15:36:14 [INFO]: DB connection successfully!...
2026-02-04 15:37:33 [INFO]: Server listening on port 3000...
2026-02-04 15:37:33 [INFO]: DB connection successfully!...
2026-02-04 15:37:33 [INFO]: Server listening on port 3000...
2026-02-04 15:37:33 [INFO]: DB connection successfully!...
2026-02-04 15:37:35 [INFO]: Server listening on port 3000...
2026-02-04 15:37:35 [INFO]: DB connection successfully!...
2026-02-04 15:37:35 [INFO]: Server listening on port 3000...
2026-02-04 15:37:35 [INFO]: DB connection successfully!...
2026-02-04 15:37:39 [INFO]: Server listening on port 3000...
2026-02-04 15:37:39 [INFO]: Server listening on port 3000...
2026-02-04 15:37:39 [INFO]: DB connection successfully!...
2026-02-04 15:37:39 [INFO]: DB connection successfully!...
2026-02-04 15:37:41 [INFO]: Server listening on port 3000...
2026-02-04 15:37:41 [INFO]: Server listening on port 3000...
2026-02-04 15:37:41 [INFO]: DB connection successfully!...
2026-02-04 15:37:41 [INFO]: DB connection successfully!...
2026-02-04 15:38:28 [INFO]: Server listening on port 3000...
2026-02-04 15:38:28 [INFO]: Server listening on port 3000...
2026-02-04 15:38:28 [INFO]: DB connection successfully!...
2026-02-04 15:38:28 [INFO]: DB connection successfully!...
2026-02-04 15:39:11 [INFO]: ::1 - - [04/Feb/2026:13:39:11 +0000] "GET /users/bookmarks HTTP/1.1" 400 66 "-" "PostmanRuntime/7.51.1"
2026-02-04 15:39:46 [INFO]: ::1 - - [04/Feb/2026:13:39:46 +0000] "GET /users/6970944c7c512e8554f9257b/bookmarks HTTP/1.1" 404 179 "-" "PostmanRuntime/7.51.1"
2026-02-04 15:40:37 [INFO]: ::1 - - [04/Feb/2026:13:40:37 +0000] "GET /users/bookmarks HTTP/1.1" 400 66 "-" "PostmanRuntime/7.51.1"
2026-02-04 15:40:51 [INFO]: ::1 - - [04/Feb/2026:13:40:51 +0000] "GET /users/bookmarks?userId=6970944c7c512e8554f9257b HTTP/1.1" 400 66 "-" "PostmanRuntime/7.51.1"
2026-02-04 15:41:15 [INFO]: ::1 - - [04/Feb/2026:13:41:15 +0000] "GET /users/bookmarks HTTP/1.1" 400 66 "-" "PostmanRuntime/7.51.1"
2026-02-04 15:41:27 [INFO]: ::1 - - [04/Feb/2026:13:41:27 +0000] "GET /users/bookmarks HTTP/1.1" 400 66 "-" "PostmanRuntime/7.51.1"
2026-02-04 15:42:11 [INFO]: Server listening on port 3000...
2026-02-04 15:42:11 [INFO]: Server listening on port 3000...
2026-02-04 15:42:11 [INFO]: DB connection successfully!...
2026-02-04 15:42:11 [INFO]: DB connection successfully!...
2026-02-04 15:42:27 [INFO]: Server listening on port 3000...
2026-02-04 15:42:27 [INFO]: Server listening on port 3000...
2026-02-04 15:42:27 [INFO]: DB connection successfully!...
2026-02-04 15:42:27 [INFO]: DB connection successfully!...
2026-02-04 15:42:33 [INFO]: Server listening on port 3000...
2026-02-04 15:42:33 [INFO]: Server listening on port 3000...
2026-02-04 15:42:33 [INFO]: DB connection successfully!...
2026-02-04 15:42:33 [INFO]: DB connection successfully!...
2026-02-04 15:42:35 [INFO]: Server listening on port 3000...
2026-02-04 15:42:35 [INFO]: Server listening on port 3000...
2026-02-04 15:42:35 [INFO]: DB connection successfully!...
2026-02-04 15:42:35 [INFO]: DB connection successfully!...
2026-02-04 15:42:41 [INFO]: Server listening on port 3000...
2026-02-04 15:42:41 [INFO]: Server listening on port 3000...
2026-02-04 15:42:41 [INFO]: DB connection successfully!...
2026-02-04 15:42:41 [INFO]: DB connection successfully!...
2026-02-04 15:42:41 [INFO]: ::1 - - [04/Feb/2026:13:42:41 +0000] "GET /users/bookmarks HTTP/1.1" 200 90 "-" "PostmanRuntime/7.51.1"
2026-02-04 15:44:23 [INFO]: ::1 - - [04/Feb/2026:13:44:23 +0000] "GET /posts?limit=10&page=1 HTTP/1.1" 200 3110 "-" "PostmanRuntime/7.51.1"
2026-02-04 15:44:43 [INFO]: ::1 - - [04/Feb/2026:13:44:43 +0000] "POST /bookmarks/696f55bc4ce7e032b250150a HTTP/1.1" 201 61 "-" "PostmanRuntime/7.51.1"
2026-02-04 15:45:37 [INFO]: ::1 - - [04/Feb/2026:13:45:37 +0000] "DELETE /bookmarks/696f55bc4ce7e032b250150a HTTP/1.1" 401 63 "-" "PostmanRuntime/7.51.1"
2026-02-04 15:45:45 [INFO]: ::1 - - [04/Feb/2026:13:45:45 +0000] "DELETE /bookmarks/696f55bc4ce7e032b250150a HTTP/1.1" 200 62 "-" "PostmanRuntime/7.51.1"
2026-02-04 15:45:52 [INFO]: ::1 - - [04/Feb/2026:13:45:52 +0000] "POST /bookmarks/696f55bc4ce7e032b250150a HTTP/1.1" 201 61 "-" "PostmanRuntime/7.51.1"
2026-02-04 15:46:10 [INFO]: ::1 - - [04/Feb/2026:13:46:10 +0000] "GET /users/bookmarks HTTP/1.1" 200 229 "-" "PostmanRuntime/7.51.1"
2026-02-04 16:06:55 [INFO]: Server listening on port 3000...
2026-02-04 16:06:55 [INFO]: Server listening on port 3000...
2026-02-04 16:06:55 [INFO]: DB connection successfully!...
2026-02-04 16:06:55 [INFO]: DB connection successfully!...
2026-02-04 16:07:19 [INFO]: Server listening on port 3000...
2026-02-04 16:07:19 [INFO]: Server listening on port 3000...
2026-02-04 16:07:19 [INFO]: DB connection successfully!...
2026-02-04 16:07:19 [INFO]: DB connection successfully!...
2026-02-04 16:07:33 [INFO]: Server listening on port 3000...
2026-02-04 16:07:33 [INFO]: Server listening on port 3000...
2026-02-04 16:07:33 [INFO]: DB connection successfully!...
2026-02-04 16:07:33 [INFO]: DB connection successfully!...
2026-02-04 16:08:00 [INFO]: Server listening on port 3000...
2026-02-04 16:08:00 [INFO]: Server listening on port 3000...
2026-02-04 16:08:00 [INFO]: DB connection successfully!...
2026-02-04 16:08:00 [INFO]: DB connection successfully!...
2026-02-04 16:08:05 [INFO]: Server listening on port 3000...
2026-02-04 16:08:05 [INFO]: Server listening on port 3000...
2026-02-04 16:08:06 [INFO]: DB connection successfully!...
2026-02-04 16:08:06 [INFO]: DB connection successfully!...
2026-02-04 16:08:17 [INFO]: Server listening on port 3000...
2026-02-04 16:08:17 [INFO]: Server listening on port 3000...
2026-02-04 16:08:17 [INFO]: DB connection successfully!...
2026-02-04 16:08:17 [INFO]: DB connection successfully!...
2026-02-04 16:08:24 [INFO]: Server listening on port 3000...
2026-02-04 16:08:24 [INFO]: Server listening on port 3000...
2026-02-04 16:08:24 [INFO]: DB connection successfully!...
2026-02-04 16:08:24 [INFO]: DB connection successfully!...
2026-02-04 16:16:37 [INFO]: ::1 - - [04/Feb/2026:14:16:37 +0000] "GET /notifications HTTP/1.1" 200 106 "-" "PostmanRuntime/7.51.1"
2026-02-04 16:17:38 [INFO]: ::1 - - [04/Feb/2026:14:17:38 +0000] "PATCH /notifications/read-all HTTP/1.1" 200 65 "-" "PostmanRuntime/7.51.1"
2026-02-04 16:18:13 [INFO]: ::1 - - [04/Feb/2026:14:18:13 +0000] "PATCH /notifications/696f55bc4ce7e032b250150a/read HTTP/1.1" 404 73 "-" "PostmanRuntime/7.51.1"
2026-02-04 16:18:48 [INFO]: ::1 - - [04/Feb/2026:14:18:48 +0000] "DELETE /notifications/696f55bc4ce7e032b250150a HTTP/1.1" 404 73 "-" "PostmanRuntime/7.51.1"
2026-02-04 16:37:54 [INFO]: Server listening on port 3000...
2026-02-04 16:37:54 [INFO]: Server listening on port 3000...
2026-02-04 16:37:54 [INFO]: DB connection successfully!...
2026-02-04 16:37:54 [INFO]: DB connection successfully!...
2026-02-04 16:37:56 [INFO]: Server listening on port 3000...
2026-02-04 16:37:56 [INFO]: Server listening on port 3000...
2026-02-04 16:37:56 [INFO]: DB connection successfully!...
2026-02-04 16:37:56 [INFO]: DB connection successfully!...
2026-02-04 16:37:58 [INFO]: Server listening on port 3000...
2026-02-04 16:37:58 [INFO]: Server listening on port 3000...
2026-02-04 16:37:58 [INFO]: DB connection successfully!...
2026-02-04 16:37:58 [INFO]: DB connection successfully!...
2026-02-04 16:38:26 [INFO]: Server listening on port 3000...
2026-02-04 16:38:26 [INFO]: Server listening on port 3000...
2026-02-04 16:38:26 [INFO]: DB connection successfully!...
2026-02-04 16:38:26 [INFO]: DB connection successfully!...
2026-02-04 16:39:06 [INFO]: Server listening on port 3000...
2026-02-04 16:39:06 [INFO]: Server listening on port 3000...
2026-02-04 16:39:06 [INFO]: DB connection successfully!...
2026-02-04 16:39:06 [INFO]: DB connection successfully!...
2026-02-04 16:39:07 [INFO]: Server listening on port 3000...
2026-02-04 16:39:07 [INFO]: Server listening on port 3000...
2026-02-04 16:39:07 [INFO]: DB connection successfully!...
2026-02-04 16:39:07 [INFO]: DB connection successfully!...
2026-02-04 16:39:10 [INFO]: Server listening on port 3000...
2026-02-04 16:39:10 [INFO]: Server listening on port 3000...
2026-02-04 16:39:10 [INFO]: DB connection successfully!...
2026-02-04 16:39:10 [INFO]: DB connection successfully!...
2026-02-04 16:39:16 [INFO]: Server listening on port 3000...
2026-02-04 16:39:16 [INFO]: Server listening on port 3000...
2026-02-04 16:39:17 [INFO]: DB connection successfully!...
2026-02-04 16:39:17 [INFO]: DB connection successfully!...
2026-02-04 16:39:27 [INFO]: Server listening on port 3000...
2026-02-04 16:39:27 [INFO]: Server listening on port 3000...
2026-02-04 16:39:27 [INFO]: DB connection successfully!...
2026-02-04 16:39:27 [INFO]: DB connection successfully!...
2026-02-04 16:40:14 [INFO]: Server listening on port 3000...
2026-02-04 16:40:14 [INFO]: Server listening on port 3000...
2026-02-04 16:40:14 [INFO]: DB connection successfully!...
2026-02-04 16:40:14 [INFO]: DB connection successfully!...
2026-02-04 16:57:17 [INFO]: Server listening on port 3000...
2026-02-04 16:57:17 [INFO]: Server listening on port 3000...
2026-02-04 16:57:17 [INFO]: DB connection successfully!...
2026-02-04 16:57:17 [INFO]: DB connection successfully!...
2026-02-04 16:57:21 [INFO]: Server listening on port 3000...
2026-02-04 16:57:21 [INFO]: DB connection successfully!...
2026-02-04 16:57:21 [INFO]: Server listening on port 3000...
2026-02-04 16:57:21 [INFO]: DB connection successfully!...
2026-02-04 16:57:26 [INFO]: Server listening on port 3000...
2026-02-04 16:57:26 [INFO]: Server listening on port 3000...
2026-02-04 16:57:26 [INFO]: DB connection successfully!...
2026-02-04 16:57:26 [INFO]: DB connection successfully!...
2026-02-04 16:57:26 [INFO]: Server listening on port 3000...
2026-02-04 16:57:26 [INFO]: Server listening on port 3000...
2026-02-04 16:57:26 [INFO]: DB connection successfully!...
2026-02-04 16:57:26 [INFO]: DB connection successfully!...
2026-02-04 17:18:45 [INFO]: Server listening on port 3000...
2026-02-04 17:18:45 [INFO]: Server listening on port 3000...
2026-02-04 17:18:45 [INFO]: DB connection successfully!...
2026-02-04 17:18:45 [INFO]: DB connection successfully!...
2026-02-04 17:18:46 [INFO]: Server listening on port 3000...
2026-02-04 17:18:46 [INFO]: DB connection successfully!...
2026-02-04 17:18:46 [INFO]: Server listening on port 3000...
2026-02-04 17:18:46 [INFO]: DB connection successfully!...
2026-02-04 17:19:15 [INFO]: Server listening on port 3000...
2026-02-04 17:19:15 [INFO]: Server listening on port 3000...
2026-02-04 17:19:15 [INFO]: DB connection successfully!...
2026-02-04 17:19:15 [INFO]: DB connection successfully!...
2026-02-04 17:19:47 [INFO]: Server listening on port 3000...
2026-02-04 17:19:47 [INFO]: Server listening on port 3000...
2026-02-04 17:19:47 [INFO]: DB connection successfully!...
2026-02-04 17:19:47 [INFO]: DB connection successfully!...
2026-02-04 17:24:36 [INFO]: Server listening on port 3000...
2026-02-04 17:24:36 [INFO]: Server listening on port 3000...
2026-02-04 17:24:36 [INFO]: DB connection successfully!...
2026-02-04 17:24:36 [INFO]: DB connection successfully!...
2026-02-04 17:24:45 [INFO]: Server listening on port 3000...
2026-02-04 17:24:45 [INFO]: Server listening on port 3000...
2026-02-04 17:24:45 [INFO]: DB connection successfully!...
2026-02-04 17:24:45 [INFO]: DB connection successfully!...
2026-02-04 17:24:46 [INFO]: Server listening on port 3000...
2026-02-04 17:24:46 [INFO]: Server listening on port 3000...
2026-02-04 17:24:46 [INFO]: DB connection successfully!...
2026-02-04 17:24:46 [INFO]: DB connection successfully!...
2026-02-04 17:24:49 [INFO]: Server listening on port 3000...
2026-02-04 17:24:49 [INFO]: Server listening on port 3000...
2026-02-04 17:24:49 [INFO]: DB connection successfully!...
2026-02-04 17:24:49 [INFO]: DB connection successfully!...
2026-02-04 17:25:21 [INFO]: Server listening on port 3000...
2026-02-04 17:25:21 [INFO]: DB connection successfully!...
2026-02-04 17:25:21 [INFO]: Server listening on port 3000...
2026-02-04 17:25:21 [INFO]: DB connection successfully!...
2026-02-04 17:26:32 [INFO]: Server listening on port 3000...
2026-02-04 17:26:32 [INFO]: Server listening on port 3000...
2026-02-04 17:26:32 [INFO]: DB connection successfully!...
2026-02-04 17:26:32 [INFO]: DB connection successfully!...
2026-02-04 17:26:33 [INFO]: Server listening on port 3000...
2026-02-04 17:26:33 [INFO]: Server listening on port 3000...
2026-02-04 17:26:33 [INFO]: DB connection successfully!...
2026-02-04 17:26:33 [INFO]: DB connection successfully!...
2026-02-04 17:26:41 [INFO]: Server listening on port 3000...
2026-02-04 17:26:41 [INFO]: Server listening on port 3000...
2026-02-04 17:26:41 [INFO]: DB connection successfully!...
2026-02-04 17:26:41 [INFO]: DB connection successfully!...
2026-02-04 17:26:52 [INFO]: Server listening on port 3000...
2026-02-04 17:26:52 [INFO]: Server listening on port 3000...
2026-02-04 17:26:52 [INFO]: DB connection successfully!...
2026-02-04 17:26:52 [INFO]: DB connection successfully!...
2026-02-04 17:27:36 [INFO]: Server listening on port 3000...
2026-02-04 17:27:36 [INFO]: Server listening on port 3000...
2026-02-04 17:27:36 [INFO]: DB connection successfully!...
2026-02-04 17:27:36 [INFO]: DB connection successfully!...
2026-02-04 17:27:59 [INFO]: Server listening on port 3000...
2026-02-04 17:27:59 [INFO]: Server listening on port 3000...
2026-02-04 17:27:59 [INFO]: DB connection successfully!...
2026-02-04 17:27:59 [INFO]: DB connection successfully!...
2026-02-04 17:28:39 [INFO]: Server listening on port 3000...
2026-02-04 17:28:39 [INFO]: Server listening on port 3000...
2026-02-04 17:28:39 [INFO]: DB connection successfully!...
2026-02-04 17:28:39 [INFO]: DB connection successfully!...
2026-02-04 17:29:26 [INFO]: Server listening on port 3000...
2026-02-04 17:29:26 [INFO]: Server listening on port 3000...
2026-02-04 17:29:26 [INFO]: DB connection successfully!...
2026-02-04 17:29:26 [INFO]: DB connection successfully!...
2026-02-04 17:29:29 [INFO]: Server listening on port 3000...
2026-02-04 17:29:29 [INFO]: Server listening on port 3000...
2026-02-04 17:29:29 [INFO]: DB connection successfully!...
2026-02-04 17:29:29 [INFO]: DB connection successfully!...
2026-02-04 17:29:35 [INFO]: Server listening on port 3000...
2026-02-04 17:29:35 [INFO]: Server listening on port 3000...
2026-02-04 17:29:35 [INFO]: DB connection successfully!...
2026-02-04 17:29:35 [INFO]: DB connection successfully!...
2026-02-04 17:30:35 [INFO]: Server listening on port 3000...
2026-02-04 17:30:35 [INFO]: Server listening on port 3000...
2026-02-04 17:30:35 [INFO]: DB connection successfully!...
2026-02-04 17:30:35 [INFO]: DB connection successfully!...
2026-02-04 17:30:54 [INFO]: Server listening on port 3000...
2026-02-04 17:30:54 [INFO]: Server listening on port 3000...
2026-02-04 17:30:54 [INFO]: DB connection successfully!...
2026-02-04 17:30:54 [INFO]: DB connection successfully!...
2026-02-04 17:30:56 [INFO]: Server listening on port 3000...
2026-02-04 17:30:56 [INFO]: Server listening on port 3000...
2026-02-04 17:30:56 [INFO]: DB connection successfully!...
2026-02-04 17:30:56 [INFO]: DB connection successfully!...
2026-02-04 17:34:32 [INFO]: ::1 - - [04/Feb/2026:15:34:32 +0000] "GET /posts/drafts HTTP/1.1" 200 618 "-" "PostmanRuntime/7.51.1"
2026-02-04 17:35:59 [INFO]: ::1 - - [04/Feb/2026:15:35:59 +0000] "POST /posts/6970b99d7552269e3ab74fde/publish HTTP/1.1" 200 621 "-" "PostmanRuntime/7.51.1"
2026-02-04 17:36:40 [INFO]: ::1 - - [04/Feb/2026:15:36:40 +0000] "POST /posts/6970b99d7552269e3ab74fde/schedule HTTP/1.1" 500 73 "-" "PostmanRuntime/7.51.1"
2026-02-04 17:36:58 [INFO]: ::1 - - [04/Feb/2026:15:36:58 +0000] "GET /posts/drafts HTTP/1.1" 200 90 "-" "PostmanRuntime/7.51.1"
2026-02-04 17:37:03 [INFO]: ::1 - - [04/Feb/2026:15:37:03 +0000] "GET /posts?limit=10&page=1 HTTP/1.1" 200 3410 "-" "PostmanRuntime/7.51.1"
2026-02-04 17:37:19 [INFO]: ::1 - - [04/Feb/2026:15:37:19 +0000] "POST /posts/696e0e453c519d7a2c7a840f/schedule HTTP/1.1" 500 73 "-" "PostmanRuntime/7.51.1"
2026-02-04 17:38:16 [INFO]: ::1 - - [04/Feb/2026:15:38:16 +0000] "POST /posts/696e0e453c519d7a2c7a840f/schedule?publishedAt=2026-02-05 HTTP/1.1" 500 73 "-" "PostmanRuntime/7.51.1"
2026-02-04 17:38:28 [INFO]: ::1 - - [04/Feb/2026:15:38:28 +0000] "POST /posts/696e0e453c519d7a2c7a840f/schedule?publishDate=2026-02-05 HTTP/1.1" 500 73 "-" "PostmanRuntime/7.51.1"
2026-02-04 17:39:29 [INFO]: ::1 - - [04/Feb/2026:15:39:29 +0000] "POST /posts/696e0e453c519d7a2c7a840f/schedule HTTP/1.1" 404 91 "-" "PostmanRuntime/7.51.1"
2026-02-04 17:40:17 [INFO]: ::1 - - [04/Feb/2026:15:40:17 +0000] "POST /posts/6970b99d7552269e3ab74fde/schedule HTTP/1.1" 200 622 "-" "PostmanRuntime/7.51.1"
2026-02-04 17:41:45 [INFO]: Server listening on port 3000...
2026-02-04 17:41:45 [INFO]: Server listening on port 3000...
2026-02-04 17:41:45 [INFO]: DB connection successfully!...
2026-02-04 17:41:45 [INFO]: DB connection successfully!...
2026-02-04 17:42:15 [INFO]: ::1 - - [04/Feb/2026:15:42:15 +0000] "GET /users/search?name=ahmed HTTP/1.1" 500 73 "-" "PostmanRuntime/7.51.1"
2026-02-04 17:43:56 [INFO]: ::1 - - [04/Feb/2026:15:43:56 +0000] "GET /users/search?q=ahmed HTTP/1.1" 500 73 "-" "PostmanRuntime/7.51.1"
2026-02-04 17:44:35 [INFO]: ::1 - - [04/Feb/2026:15:44:35 +0000] "GET /users/search?q=john HTTP/1.1" 500 73 "-" "PostmanRuntime/7.51.1"
2026-02-04 17:45:41 [INFO]: Server listening on port 3000...
2026-02-04 17:45:41 [INFO]: Server listening on port 3000...
2026-02-04 17:45:41 [INFO]: DB connection successfully!...
2026-02-04 17:45:41 [INFO]: DB connection successfully!...
2026-02-04 17:45:52 [INFO]: ::1 - - [04/Feb/2026:15:45:52 +0000] "GET /users/search?q=john HTTP/1.1" 500 73 "-" "PostmanRuntime/7.51.1"
2026-02-04 17:46:07 [INFO]: Server listening on port 3000...
2026-02-04 17:46:07 [INFO]: Server listening on port 3000...
2026-02-04 17:46:07 [INFO]: DB connection successfully!...
2026-02-04 17:46:07 [INFO]: DB connection successfully!...
2026-02-04 17:46:10 [INFO]: ::1 - - [04/Feb/2026:15:46:10 +0000] "GET /users/search?q=john HTTP/1.1" 500 73 "-" "PostmanRuntime/7.51.1"
2026-02-04 17:46:32 [INFO]: Server listening on port 3000...
2026-02-04 17:46:32 [INFO]: Server listening on port 3000...
2026-02-04 17:46:32 [INFO]: DB connection successfully!...
2026-02-04 17:46:32 [INFO]: DB connection successfully!...
2026-02-04 17:46:36 [INFO]: ::1 - - [04/Feb/2026:15:46:36 +0000] "GET /users/search?q=john HTTP/1.1" 500 73 "-" "PostmanRuntime/7.51.1"
2026-02-04 17:46:42 [INFO]: ::1 - - [04/Feb/2026:15:46:42 +0000] "GET /users/search?q=john HTTP/1.1" 500 73 "-" "PostmanRuntime/7.51.1"
2026-02-04 17:46:53 [INFO]: ::1 - - [04/Feb/2026:15:46:53 +0000] "GET /users/search?q=john HTTP/1.1" 500 73 "-" "PostmanRuntime/7.51.1"
2026-02-04 17:47:32 [INFO]: Server listening on port 3000...
2026-02-04 17:47:32 [INFO]: Server listening on port 3000...
2026-02-04 17:47:32 [INFO]: DB connection successfully!...
2026-02-04 17:47:32 [INFO]: DB connection successfully!...
2026-02-04 17:47:54 [INFO]: ::1 - - [04/Feb/2026:15:47:54 +0000] "GET /users/search?q=john HTTP/1.1" 200 75 "-" "PostmanRuntime/7.51.1"
2026-02-04 17:48:04 [INFO]: ::1 - - [04/Feb/2026:15:48:04 +0000] "GET /users/search?q=ahmed HTTP/1.1" 200 356 "-" "PostmanRuntime/7.51.1"
2026-02-04 17:48:33 [INFO]: Server listening on port 3000...
2026-02-04 17:48:33 [INFO]: Server listening on port 3000...
2026-02-04 17:48:33 [INFO]: DB connection successfully!...
2026-02-04 17:48:33 [INFO]: DB connection successfully!...
2026-02-04 17:48:39 [INFO]: Server listening on port 3000...
2026-02-04 17:48:39 [INFO]: Server listening on port 3000...
2026-02-04 17:48:39 [INFO]: DB connection successfully!...
2026-02-04 17:48:39 [INFO]: DB connection successfully!...
2026-02-04 17:48:41 [INFO]: ::1 - - [04/Feb/2026:15:48:41 +0000] "GET /users/search?q=ahmed HTTP/1.1" 200 356 "-" "PostmanRuntime/7.51.1"
2026-02-04 17:48:57 [INFO]: Server listening on port 3000...
2026-02-04 17:48:57 [INFO]: Server listening on port 3000...
2026-02-04 17:48:57 [INFO]: DB connection successfully!...
2026-02-04 17:48:57 [INFO]: DB connection successfully!...
2026-02-04 17:49:10 [INFO]: Server listening on port 3000...
2026-02-04 17:49:10 [INFO]: Server listening on port 3000...
2026-02-04 17:49:10 [INFO]: DB connection successfully!...
2026-02-04 17:49:10 [INFO]: DB connection successfully!...
2026-02-04 17:49:11 [INFO]: ::1 - - [04/Feb/2026:15:49:11 +0000] "GET /users/search?q=ahmed HTTP/1.1" 200 356 "-" "PostmanRuntime/7.51.1"
2026-02-04 17:49:16 [INFO]: Server listening on port 3000...
2026-02-04 17:49:16 [INFO]: Server listening on port 3000...
2026-02-04 17:49:16 [INFO]: DB connection successfully!...
2026-02-04 17:49:16 [INFO]: DB connection successfully!...
2026-02-04 17:49:43 [INFO]: ::1 - - [04/Feb/2026:15:49:43 +0000] "GET /users/6970944c7c512e8554f9257b HTTP/1.1" 200 380 "-" "PostmanRuntime/7.51.1"
2026-02-04 17:49:50 [INFO]: ::1 - - [04/Feb/2026:15:49:50 +0000] "GET /users HTTP/1.1" 200 802 "-" "PostmanRuntime/7.51.1"
2026-02-04 17:50:10 [INFO]: ::1 - - [04/Feb/2026:15:50:10 +0000] "POST /posts/696e0c813c519d7a2c7a83fd/view HTTP/1.1" 200 64 "-" "PostmanRuntime/7.51.1"
2026-02-04 17:50:12 [INFO]: ::1 - - [04/Feb/2026:15:50:12 +0000] "POST /posts/696e0c813c519d7a2c7a83fd/view HTTP/1.1" 200 66 "-" "PostmanRuntime/7.51.1"
2026-02-04 17:50:15 [INFO]: ::1 - - [04/Feb/2026:15:50:15 +0000] "POST /posts/696e0c813c519d7a2c7a83fd/view HTTP/1.1" 200 66 "-" "PostmanRuntime/7.51.1"
2026-02-04 17:50:18 [INFO]: ::1 - - [04/Feb/2026:15:50:18 +0000] "POST /posts/696e0c813c519d7a2c7a83fd/view HTTP/1.1" 200 66 "-" "PostmanRuntime/7.51.1"
2026-02-04 17:50:58 [INFO]: Server listening on port 3000...
2026-02-04 17:50:58 [INFO]: Server listening on port 3000...
2026-02-04 17:50:58 [INFO]: DB connection successfully!...
2026-02-04 17:50:58 [INFO]: DB connection successfully!...
2026-02-04 17:50:59 [INFO]: ::1 - - [04/Feb/2026:15:50:59 +0000] "GET /posts?limit=10&page=1 HTTP/1.1" 200 3415 "-" "PostmanRuntime/7.51.1"
2026-02-04 17:51:21 [INFO]: Server listening on port 3000...
2026-02-04 17:51:21 [INFO]: DB connection successfully!...
2026-02-04 17:51:21 [INFO]: Server listening on port 3000...
2026-02-04 17:51:21 [INFO]: DB connection successfully!...
2026-02-04 17:51:22 [INFO]: ::1 - - [04/Feb/2026:15:51:22 +0000] "GET /posts?limit=10&page=1 HTTP/1.1" 200 3262 "-" "PostmanRuntime/7.51.1"
2026-02-04 17:51:33 [INFO]: ::1 - - [04/Feb/2026:15:51:33 +0000] "GET /posts/696e0c813c519d7a2c7a83fd HTTP/1.1" 200 403 "-" "PostmanRuntime/7.51.1"
2026-02-04 17:51:40 [INFO]: ::1 - - [04/Feb/2026:15:51:40 +0000] "POST /posts/696e0c813c519d7a2c7a83fd/view HTTP/1.1" 200 64 "-" "PostmanRuntime/7.51.1"
2026-02-04 17:51:42 [INFO]: ::1 - - [04/Feb/2026:15:51:42 +0000] "POST /posts/696e0c813c519d7a2c7a83fd/view HTTP/1.1" 200 64 "-" "PostmanRuntime/7.51.1"
2026-02-04 17:51:44 [INFO]: ::1 - - [04/Feb/2026:15:51:44 +0000] "POST /posts/696e0c813c519d7a2c7a83fd/view HTTP/1.1" 200 64 "-" "PostmanRuntime/7.51.1"
2026-02-04 17:51:45 [INFO]: ::1 - - [04/Feb/2026:15:51:45 +0000] "POST /posts/696e0c813c519d7a2c7a83fd/view HTTP/1.1" 200 64 "-" "PostmanRuntime/7.51.1"
2026-02-04 17:51:50 [INFO]: Server listening on port 3000...
2026-02-04 17:51:50 [INFO]: Server listening on port 3000...
2026-02-04 17:51:50 [INFO]: DB connection successfully!...
2026-02-04 17:51:50 [INFO]: DB connection successfully!...
2026-02-04 17:51:53 [INFO]: Server listening on port 3000...
2026-02-04 17:51:53 [INFO]: Server listening on port 3000...
2026-02-04 17:51:53 [INFO]: DB connection successfully!...
2026-02-04 17:51:53 [INFO]: DB connection successfully!...
2026-02-04 17:51:54 [INFO]: ::1 - - [04/Feb/2026:15:51:54 +0000] "POST /posts/696e0c813c519d7a2c7a83fd/view HTTP/1.1" 200 66 "-" "PostmanRuntime/7.51.1"
2026-02-04 17:53:35 [INFO]: ::1 - - [04/Feb/2026:15:53:35 +0000] "GET /notifications HTTP/1.1" 200 106 "-" "PostmanRuntime/7.51.1"
2026-02-04 18:13:26 [INFO]: ::1 - - [04/Feb/2026:16:13:26 +0000] "POST /register HTTP/1.1" 404 148 "-" "PostmanRuntime/7.51.1"
2026-02-04 18:13:50 [INFO]: ::1 - - [04/Feb/2026:16:13:50 +0000] "POST /register HTTP/1.1" 404 148 "-" "PostmanRuntime/7.51.1"
2026-02-04 18:17:46 [INFO]: Email sent: <d46c52e6-69dd-1c51-0b64-3fe1e6097b4b@gmail.com>
2026-02-04 18:17:46 [INFO]: ::1 - - [04/Feb/2026:16:17:46 +0000] "POST /users/register HTTP/1.1" 201 509 "-" "PostmanRuntime/7.51.1"
2026-02-04 18:20:25 [INFO]: ::1 - - [04/Feb/2026:16:20:25 +0000] "POST /users/login HTTP/1.1" 200 300 "-" "PostmanRuntime/7.51.1"
2026-02-04 18:20:43 [INFO]: ::1 - - [04/Feb/2026:16:20:43 +0000] "GET /notifications HTTP/1.1" 200 106 "-" "PostmanRuntime/7.51.1"
2026-02-04 18:21:47 [INFO]: ::1 - - [04/Feb/2026:16:21:47 +0000] "POST /users/login HTTP/1.1" 200 302 "-" "PostmanRuntime/7.51.1"
2026-02-04 18:21:51 [INFO]: ::1 - - [04/Feb/2026:16:21:51 +0000] "GET /notifications HTTP/1.1" 200 106 "-" "PostmanRuntime/7.51.1"
2026-02-04 18:22:44 [INFO]: ::1 - - [04/Feb/2026:16:22:44 +0000] "GET /users/6970944c7c512e8554f9257b/followers HTTP/1.1" 200 197 "-" "PostmanRuntime/7.51.1"
2026-02-04 18:26:15 [INFO]: Server listening on port 3000...
2026-02-04 18:26:15 [INFO]: Server listening on port 3000...
2026-02-04 18:26:15 [INFO]: DB connection successfully!...
2026-02-04 18:26:15 [INFO]: DB connection successfully!...
2026-02-04 18:26:16 [INFO]: Server listening on port 3000...
2026-02-04 18:26:16 [INFO]: Server listening on port 3000...
2026-02-04 18:26:16 [INFO]: DB connection successfully!...
2026-02-04 18:26:16 [INFO]: DB connection successfully!...
2026-02-04 18:26:34 [INFO]: Server listening on port 3000...
2026-02-04 18:26:34 [INFO]: Server listening on port 3000...
2026-02-04 18:26:34 [INFO]: DB connection successfully!...
2026-02-04 18:26:34 [INFO]: DB connection successfully!...
2026-02-04 18:26:49 [INFO]: ::1 - - [04/Feb/2026:16:26:49 +0000] "POST /users/forgot-password HTTP/1.1" 500 73 "-" "PostmanRuntime/7.51.1"
2026-02-04 18:27:26 [INFO]: Email sent: <84ceb1a2-1a9c-46cc-8af3-73102e2b58c2@gmail.com>
2026-02-04 18:27:26 [INFO]: ::1 - - [04/Feb/2026:16:27:26 +0000] "POST /users/forgot-password HTTP/1.1" 200 89 "-" "PostmanRuntime/7.51.1"
2026-02-04 18:30:12 [INFO]: ::1 - - [04/Feb/2026:16:30:12 +0000] "GET /reset-password?token=d5c07aa7b2dbaf06a05afcd1714201a021095f996a361fbb5f14cf10bc04f90c HTTP/1.1" 404 153 "-" "Mozilla/5.0 (Windows NT 10.0; Win64; x64) AppleWebKit/537.36 (KHTML, like Gecko) Chrome/144.0.0.0 Safari/537.36"
2026-02-04 18:30:43 [INFO]: Server listening on port 3000...
2026-02-04 18:30:43 [INFO]: Server listening on port 3000...
2026-02-04 18:30:43 [INFO]: DB connection successfully!...
2026-02-04 18:30:43 [INFO]: DB connection successfully!...
2026-02-04 18:30:55 [INFO]: Email sent: <50b27799-e590-a18a-c073-78021568dd7c@gmail.com>
2026-02-04 18:30:55 [INFO]: ::1 - - [04/Feb/2026:16:30:55 +0000] "POST /users/forgot-password HTTP/1.1" 200 89 "-" "PostmanRuntime/7.51.1"
2026-02-04 18:33:47 [INFO]: Server listening on port 3000...
2026-02-04 18:33:47 [INFO]: Server listening on port 3000...
2026-02-04 18:33:47 [INFO]: DB connection successfully!...
2026-02-04 18:33:47 [INFO]: DB connection successfully!...
2026-02-04 18:34:27 [INFO]: ::1 - - [04/Feb/2026:16:34:27 +0000] "POST /users/reset-password HTTP/1.1" 500 73 "-" "PostmanRuntime/7.51.1"
2026-02-04 18:35:02 [INFO]: ::1 - - [04/Feb/2026:16:35:02 +0000] "POST /users/reset-password HTTP/1.1" 400 72 "-" "PostmanRuntime/7.51.1"
2026-02-04 18:35:45 [INFO]: ::1 - - [04/Feb/2026:16:35:45 +0000] "POST /users/reset-password HTTP/1.1" 400 94 "-" "PostmanRuntime/7.51.1"
2026-02-04 18:36:02 [INFO]: ::1 - - [04/Feb/2026:16:36:02 +0000] "POST /users/reset-password HTTP/1.1" 500 73 "-" "PostmanRuntime/7.51.1"
2026-02-04 18:36:15 [INFO]: ::1 - - [04/Feb/2026:16:36:15 +0000] "POST /users/reset-password HTTP/1.1" 400 72 "-" "PostmanRuntime/7.51.1"
2026-02-04 18:39:12 [INFO]: ::1 - - [04/Feb/2026:16:39:12 +0000] "POST /users/reset-password HTTP/1.1" 400 72 "-" "PostmanRuntime/7.51.1"
2026-02-04 18:39:33 [INFO]: ::1 - - [04/Feb/2026:16:39:33 +0000] "GET /reset-password?token=146980fcf8ebf1564914869eccc9a61519e6180ee140667a8b77c9878de356bf HTTP/1.1" 404 153 "-" "Mozilla/5.0 (Windows NT 10.0; Win64; x64) AppleWebKit/537.36 (KHTML, like Gecko) Chrome/144.0.0.0 Safari/537.36"
2026-02-04 18:40:19 [INFO]: Email sent: <41c2d452-5af8-2de8-c104-8443d060f5b5@gmail.com>
2026-02-04 18:40:19 [INFO]: ::1 - - [04/Feb/2026:16:40:19 +0000] "POST /users/reset-password HTTP/1.1" 200 58 "-" "PostmanRuntime/7.51.1"
2026-02-04 18:43:16 [INFO]: ::1 - - [04/Feb/2026:16:43:16 +0000] "POST /users/change-password HTTP/1.1" 404 161 "-" "PostmanRuntime/7.51.1"
2026-02-04 18:43:29 [INFO]: ::1 - - [04/Feb/2026:16:43:29 +0000] "PATCH /users/change-password HTTP/1.1" 200 62 "-" "PostmanRuntime/7.51.1"
2026-02-04 18:44:41 [INFO]: ::1 - - [04/Feb/2026:16:44:41 +0000] "POST /users/login HTTP/1.1" 200 302 "-" "PostmanRuntime/7.51.1"
2026-02-04 18:44:49 [INFO]: ::1 - - [04/Feb/2026:16:44:49 +0000] "GET /notifications HTTP/1.1" 200 106 "-" "PostmanRuntime/7.51.1"
2026-02-04 18:45:29 [INFO]: ::1 - - [04/Feb/2026:16:45:29 +0000] "POST /users/login HTTP/1.1" 401 76 "-" "PostmanRuntime/7.51.1"
2026-02-04 18:45:35 [INFO]: ::1 - - [04/Feb/2026:16:45:35 +0000] "POST /users/login HTTP/1.1" 200 302 "-" "PostmanRuntime/7.51.1"
2026-02-04 18:46:08 [INFO]: ::1 - - [04/Feb/2026:16:46:08 +0000] "POST /users/69708d592ccf090785e47091/follow HTTP/1.1" 400 77 "-" "PostmanRuntime/7.51.1"
2026-02-04 18:46:35 [INFO]: ::1 - - [04/Feb/2026:16:46:35 +0000] "POST /users/69837128aabe5b6e7468d0fa/follow HTTP/1.1" 200 59 "-" "PostmanRuntime/7.51.1"
2026-02-04 18:47:05 [INFO]: ::1 - - [04/Feb/2026:16:47:05 +0000] "POST /users/login HTTP/1.1" 200 302 "-" "PostmanRuntime/7.51.1"
2026-02-04 18:47:10 [INFO]: ::1 - - [04/Feb/2026:16:47:10 +0000] "GET /notifications HTTP/1.1" 200 460 "-" "PostmanRuntime/7.51.1"
2026-02-04 18:48:01 [INFO]: ::1 - - [04/Feb/2026:16:48:01 +0000] "PATCH /notifications/698377eb96aeff0bc135c703/read HTTP/1.1" 200 340 "-" "PostmanRuntime/7.51.1"
2026-02-04 18:48:09 [INFO]: ::1 - - [04/Feb/2026:16:48:09 +0000] "GET /notifications HTTP/1.1" 200 459 "-" "PostmanRuntime/7.51.1"
2026-02-04 18:48:15 [INFO]: ::1 - - [04/Feb/2026:16:48:15 +0000] "PATCH /notifications/read-all HTTP/1.1" 200 65 "-" "PostmanRuntime/7.51.1"
2026-02-04 18:48:44 [INFO]: ::1 - - [04/Feb/2026:16:48:44 +0000] "POST /users/login HTTP/1.1" 200 302 "-" "PostmanRuntime/7.51.1"
2026-02-04 18:48:54 [INFO]: ::1 - - [04/Feb/2026:16:48:54 +0000] "GET /notifications HTTP/1.1" 200 106 "-" "PostmanRuntime/7.51.1"
2026-02-04 18:49:08 [INFO]: ::1 - - [04/Feb/2026:16:49:08 +0000] "POST /users/login HTTP/1.1" 200 300 "-" "PostmanRuntime/7.51.1"
2026-02-04 18:49:11 [INFO]: ::1 - - [04/Feb/2026:16:49:11 +0000] "GET /notifications HTTP/1.1" 200 815 "-" "PostmanRuntime/7.51.1"
2026-02-04 18:49:26 [INFO]: ::1 - - [04/Feb/2026:16:49:26 +0000] "DELETE /notifications/6983492106ec98e377cb7089 HTTP/1.1" 200 53 "-" "PostmanRuntime/7.51.1"
2026-02-04 18:49:47 [INFO]: ::1 - - [04/Feb/2026:16:49:47 +0000] "POST /users/login HTTP/1.1" 200 302 "-" "PostmanRuntime/7.51.1"
2026-02-04 18:49:52 [INFO]: ::1 - - [04/Feb/2026:16:49:52 +0000] "POST /users/login HTTP/1.1" 200 302 "-" "PostmanRuntime/7.51.1"
2026-02-04 19:11:27 [INFO]: Server listening on port 3000...
2026-02-04 19:11:27 [INFO]: DB connection successfully!...
2026-02-04 19:16:27 [INFO]: ::1 - - [04/Feb/2026:17:16:27 +0000] "POST /users/login HTTP/1.1" 200 302 "-" "PostmanRuntime/7.51.1"
